1 2020-05-11 06:04:28 Start parsing MovieXML.
2 2020-05-11 06:04:28 Error: dataClass.MovieRecordClass: H8 | The Mountain Eagle | 0 | null -> Empty title: Fear O'God
3 2020-05-11 06:04:28 Error: dataClass.MovieRecordClass: H9 | The Lodger: A Story of The London Fog | 0 | null -> Empty title: The Case of Jonathan Drew
4 2020-05-11 06:04:28 Error: dataClass.MovieRecordClass: H10 | Downhill | 0 | null -> Empty title: When Boys Leave Home
5 2020-05-11 06:04:28 Error: dataClass.MovieRecordClass: H22 | Rich and Strange | 0 | null -> Empty title: East of Shanghai
6 2020-05-11 06:04:28 Error: dataClass.MovieRecordClass: H25 | Waltzes From Vienna | 0 | null -> Empty title: Strauss's Great Waltz
7 2020-05-11 06:04:28 Error: dataClass.MovieRecordClass: H29 | Sabotage | 0 | null -> Empty title: The Woman Alone
8 2020-05-11 06:04:28 Error: dataClass.MovieRecordClass: H30 | Young and Innocent | 0 | null -> Empty title: The Girl Was Young
9 2020-05-11 06:04:28 Error: dataClass.MovieRecordClass: H47 | Stage Fright | 0 | null -> Empty title: Die rote Lola
10 2020-05-11 06:04:28 Error: dataClass.MovieRecordClass: ALu5 | L'Arroseur arross\'e | 0 | null -> Empty title: The Gardener
11 2020-05-11 06:04:28 Error: dataClass.MovieRecordClass: GMs1 | L'Escamontage d'une Dame | 0 | null -> Empty title: Une Partie de Cartes
12 2020-05-11 06:04:28 Error: dataClass.MovieRecordClass: DWG51 | The Clansman | 0 | null -> Empty title: The Birth of a Nation
13 2020-05-11 06:04:28 Error: dataClass.MovieRecordClass: VSj1 | Tradgardsmastaren | 0 | null -> Empty title: The Broken Spring Rose
14 2020-05-11 06:04:28 Error: dataClass.MovieRecordClass: AK90 | That Hamilton Woman | 0 | null -> Empty title: Lady Hamilton
15 2020-05-11 06:04:28 Error: dataClass.MovieRecordClass: EL19 | Die Augen der Mumie Ma | 0 | null -> Empty title: The Eyes of the Mummy
16 2020-05-11 06:04:28 Error: dataClass.MovieRecordClass: EL21 | Gipsy Blood | 0 | null -> Empty title: Carmen
17 2020-05-11 06:04:28 Error: dataClass.MovieRecordClass: EL31 | Madame Dubarry | 0 | null -> Empty title: The Passion
18 2020-05-11 06:04:28 Error: dataClass.MovieRecordClass: EL36 | Sumurun | 0 | null -> Empty title: One Arabian Night
19 2020-05-11 06:04:28 Error: dataClass.MovieRecordClass: EL37 | Anna Boleyn | 0 | null -> Empty title: The Deception
20 2020-05-11 06:04:28 Error: dataClass.MovieRecordClass: EL39 | Das Weib des Pharao | 0 | null -> Empty title: The Loves of Pharao
21 2020-05-11 06:04:28 Error: dataClass.MovieRecordClass: EL40 | Die Flamme | 0 | null -> Empty title: Montmartre
22 2020-05-11 06:04:28 Error: dataClass.MovieRecordClass: EL48 | The Student Prince | 0 | null -> Empty title: The Student Prince in old Heidelberg
23 2020-05-11 06:04:28 Error: dataClass.MovieRecordClass: EL55 | The Man I Killed | 0 | null -> Empty title: Broken Lullaby
24 2020-05-11 06:04:28 Error: dataClass.MovieRecordClass: SG30 | Le Roman d'un Tricheur | 0 | null -> Empty title: Story of a Cheat
25 2020-05-11 06:04:28 Error: dataClass.MovieRecordClass: SG33 | The Pearls of the Crown | 0 | null -> Empty title: Les Perles de la couronne
26 2020-05-11 06:04:28 Error: dataClass.MovieRecordClass: SG43 | Le Destin Fabuleux de Desiree Clary | 0 | null -> Empty title: The Fabulous Destiny of Desiree Clary
27 2020-05-11 06:04:28 Error: dataClass.MovieRecordClass: SG49 | La Diable Boiteux | 0 | null -> Empty title: Devil in the Bottle
28 2020-05-11 06:04:28 Error: dataClass.MovieRecordClass: SG60 | Versailles | 0 | null -> Empty title: Royal Affairs of Versailles
29 2020-05-11 06:04:28 Error: dataClass.MovieRecordClass: SG60 | Versailles | 0 | null -> Empty title: Si Versailles m'etait cont\'e
30 2020-05-11 06:04:28 Error: dataClass.MovieRecordClass: SG66 | Si Paris m'etait cont\'e | 0 | null -> Empty title: Paris
31 2020-05-11 06:04:28 Error: dataClass.MovieRecordClass: SG71 | Assassins et Voleurs | 0 | null -> Empty title: Lovers and Thieves
32 2020-05-11 06:04:28 Error: dataClass.MovieRecordClass: AG30 | La Fin du Monde | 0 | null -> Empty title: End of the World as Seen, Heard, and Rendered by Abel Gance
33 2020-05-11 06:04:28 Error: dataClass.MovieRecordClass: AG30 | La Fin du Monde | 0 | null -> Empty title: End of the World as Seen, Heard, and Rendered by Abel Gance
34 2020-05-11 06:04:28 Error: dataClass.MovieRecordClass: JqF40 | La Kermesse Heroique | 0 | null -> Empty title: Carnival in Flanders
35 2020-05-11 06:04:28 Error: dataClass.MovieRecordClass: HL4 | Harold Lloyd: Comedy Classics | 0 | null -> Empty title: The Chef
36 2020-05-11 06:04:28 Error: dataClass.MovieRecordClass: HL4 | Harold Lloyd: Comedy Classics | 0 | null -> Empty title: The Cinema Director
37 2020-05-11 06:04:28 Error: dataClass.MovieRecordClass: HL4 | Harold Lloyd: Comedy Classics | 0 | null -> Empty title: Two Gun Gussie
38 2020-05-11 06:04:28 Error: dataClass.MovieRecordClass: HL4 | Harold Lloyd: Comedy Classics | 0 | null -> Empty title: I'm on my Way
39 2020-05-11 06:04:28 Error: dataClass.MovieRecordClass: RWN26 | Sherlock Holmes and the Spider Woman | 0 | null -> Empty title: Spider Woman
40 2020-05-11 06:04:28 Error: dataClass.MovieRecordClass: RWN46 | Dressed to Kill | 0 | null -> Empty title: Sherlock Holmes and the Secret Weapon
41 2020-05-11 06:04:28 Error: dataClass.MovieRecordClass: TB35 | London After Midnight | 0 | null -> Empty title: The Hypnotist
42 2020-05-11 06:04:28 Error: dataClass.MovieRecordClass: WvD60 | After The Thin Man | 0 | null -> Empty title: Indian Love Call
43 2020-05-11 06:04:28 Error: dataClass.MovieRecordClass: FL8 | Der M\"ude Tod | 0 | null -> Empty title: Destiny
44 2020-05-11 06:04:28 Error: dataClass.MovieRecordClass: FL24 | Manhunt | 0 | null -> Empty title: Man Hunt
45 2020-05-11 06:04:28 Error: dataClass.MovieRecordClass: FM4 | Der Letzte Mann | 0 | null -> Empty title: The Last Laugh
46 2020-05-11 06:04:28 Error: dataClass.MovieRecordClass: FM6 | Faustus | 0 | null -> Empty title: Faust
47 2020-05-11 06:04:28 Error: dataClass.MovieRecordClass: FM9 | City Girl | 0 | null -> Empty title: Our Daily Bread
48 2020-05-11 06:04:28 Error: dataClass.MovieRecordClass: GF90 | Lilac Time | 0 | null -> Empty title: Love Never Dies
49 2020-05-11 06:04:28 Error: dataClass.MovieRecordClass: JuD19 | Don Camillo | 0 | null -> Empty title: The Little World of Don Camillo
50 2020-05-11 06:04:28 Error: dataClass.MovieRecordClass: JuD20 | La Fete a Henriette | 0 | null -> Empty title: Holiday for Henrietta
51 2020-05-11 06:04:28 Error: dataClass.MovieRecordClass: RW1 | Das Kabinett des Dr.~Caligari | 0 | null -> Empty title: The Cabinet of Dr.~Caligari
52 2020-05-11 06:04:28 Error: dataClass.MovieRecordClass: CBw33 | Conquest | 0 | null -> Empty title: Marie Walewska
53 2020-05-11 06:04:28 Error: dataClass.MovieRecordClass: CDr10 | Vampyr | 0 | null -> Empty title: Vampyr
54 2020-05-11 06:04:28 Error: dataClass.MovieRecordClass: CDr10 | Vampyr | 0 | null -> Empty title: Vampyr: Der Traum des Allan Gray
55 2020-05-11 06:04:28 Error: dataClass.MovieRecordClass: CDr30 | Vredens Dag | 0 | null -> Empty title: Day of Wrath
56 2020-05-11 06:04:28 Error: dataClass.MovieRecordClass: HWx55 | Lilacs in the Spring | 0 | null -> Empty title: Let's Make Up
57 2020-05-11 06:04:28 Error: dataClass.MovieRecordClass: LD3 | Le Chemin d'Enroa | 0 | null -> Empty title: L'Amercaine
58 2020-05-11 06:04:28 Error: dataClass.MovieRecordClass: GP3 | Die Freudlose Gasse | 0 | null -> Empty title: Die Freudlose Gasse
59 2020-05-11 06:04:28 Error: dataClass.MovieRecordClass: GP7 | Die B\"uchse der Pandora | 0 | null -> Empty title: Pandora's Box
60 2020-05-11 06:04:28 Error: dataClass.MovieRecordClass: GP13 | Dreigroschenoper | 0 | null -> Empty title: The Threepenny Opera
61 2020-05-11 06:04:28 Error: dataClass.MovieRecordClass: KGr10 | Die Strasse | 0 | null -> Empty title: The Street
62 2020-05-11 06:04:28 Error: dataClass.MovieRecordClass: RC5 | Un Chapeau de Paille d'Italie | 0 | null -> Empty title: An Italian Straw Hat
63 2020-05-11 06:04:28 Error: dataClass.MovieRecordClass: RC8 | Sous les Toits de Paris | 0 | null -> Empty title: Under the Roofs of Paris
64 2020-05-11 06:04:28 Error: dataClass.MovieRecordClass: RC19 | And Then There Were None | 0 | null -> Empty title: Ten Little Niggers
65 2020-05-11 06:04:28 Error: dataClass.MovieRecordClass: RC20 | Le silence est d'or | 0 | null -> Empty title: Silence is Golden
66 2020-05-11 06:04:28 Error: dataClass.MovieRecordClass: W90 | The Story of GI Joe | 0 | null -> Empty title: G.I. Joe
67 2020-05-11 06:04:28 Error: dataClass.MovieRecordClass: W90 | The Story of GI Joe | 0 | null -> Empty title: Ernie Pyle's Story of G.I. Joe
68 2020-05-11 06:04:28 Error: dataClass.MovieRecordClass: JR25 | Boudu Sauv\'e Les Eaux | 0 | null -> Empty title: Boudu Saved from Drowning
69 2020-05-11 06:04:28 Error: dataClass.MovieRecordClass: JR45 | Les Bas Fonds | 0 | null -> Empty title: Lower Depths
70 2020-05-11 06:04:28 Error: dataClass.MovieRecordClass: JR45 | Les Bas Fonds | 0 | null -> Empty title: Vers Vita
71 2020-05-11 06:04:28 Error: dataClass.MovieRecordClass: JR70 | La regle du jeu | 0 | null -> Empty title: The Rules of the Game
72 2020-05-11 06:04:28 Error: dataClass.MovieRecordClass: JR75 | Swamp Water | 0 | null -> Empty title: The Man Who Came Back
73 2020-05-11 06:04:28 Error: dataClass.MovieRecordClass: JR96 | El\'ena et les Hommes | 0 | null -> Empty title: Paris Does Strange Things
74 2020-05-11 06:04:28 Error: dataClass.MovieRecordClass: SE4 | Bronenosets Potemkin | 0 | null -> Empty title: The Battleship Potemkin
75 2020-05-11 06:04:28 Error: dataClass.MovieRecordClass: SE4 | Bronenosets Potemkin | 0 | null -> Empty title: Potemkin
76 2020-05-11 06:04:28 Error: dataClass.MovieRecordClass: SE6 | Oktober | 0 | null -> Empty title: Ten days that Shook the World
77 2020-05-11 06:04:28 Error: dataClass.MovieRecordClass: SE8 | Staroye i Novoye | 0 | null -> Empty title: Old and New
78 2020-05-11 06:04:28 Error: dataClass.MovieRecordClass: SE8 | Staroye i Novoye | 0 | null -> Empty title: The General Line
79 2020-05-11 06:04:28 Error: dataClass.MovieRecordClass: SE15 | Que Viva Mexico | 0 | null -> Empty title: Time in the Sun
80 2020-05-11 06:04:28 Error: dataClass.MovieRecordClass: SE25 | Ivan the Terrible, part I | 0 | null -> Empty title: Ivan Groznyi
81 2020-05-11 06:04:28 Error: dataClass.MovieRecordClass: SE26 | Ivan the Terrible, part II | 0 | null -> Empty title: The Boyars Plot
82 2020-05-11 06:04:28 Error: dataClass.MovieRecordClass: EAD10 | Vaudeville | 0 | null -> Empty title: Variety
83 2020-05-11 06:04:28 Error: dataClass.MovieRecordClass: IGB45 | Great Guy | 0 | null -> Empty title: Pluck of he Irish
84 2020-05-11 06:04:28 Error: dataClass.MovieRecordClass: IrC95 | Double Dynamite | 0 | null -> Empty title: It's Only Money
85 2020-05-11 06:04:28 Error: dataClass.MovieRecordClass: S9 | Der Blaue Engel | 0 | null -> Empty title: The Blue Angel
86 2020-05-11 06:04:28 Error: dataClass.MovieRecordClass: ACa40 | Went the Day Well? | 0 | null -> Empty title: Forty-eight Hours
87 2020-05-11 06:04:28 Error: dataClass.MovieRecordClass: Gmy25 | Extase | 0 | null -> Empty title: Ecstasy
88 2020-05-11 06:04:28 Error: dataClass.MovieRecordClass: HH9 | Dawn Patrol | 0 | null -> Empty title: Flight Commander
89 2020-05-11 06:04:28 Error: dataClass.MovieRecordClass: HH12 | Scarface | 0 | null -> Empty title: Shame of A Nation
90 2020-05-11 06:04:28 Error: dataClass.MovieRecordClass: HH31 | I Was A Male War Bride | 0 | null -> Empty title: You Can't Sleep Here
91 2020-05-11 06:04:28 Error: dataClass.MovieRecordClass: LvK8 | Po Zakonu | 0 | null -> Empty title: By the Law
92 2020-05-11 06:04:28 Error: dataClass.MovieRecordClass: VsP10 | Mat | 0 | null -> Empty title: Mother
93 2020-05-11 06:04:28 Error: dataClass.MovieRecordClass: WlD39 | All That Money Can Buy | 0 | null -> Empty title: The Devil and Daniel Webster
94 2020-05-11 06:04:28 Error: dataClass.MovieRecordClass: WlD39 | All That Money Can Buy | 0 | null -> Empty title: Daniel Webster and The Devil
95 2020-05-11 06:04:28 Error: dataClass.MovieRecordClass: WlD39 | All That Money Can Buy | 0 | null -> Empty title: Here is a Man
96 2020-05-11 06:04:28 Error: dataClass.MovieRecordClass: ByH10 | Tarzan's Peril | 0 | null -> Empty title: Tarzan and the Jungle Queen
97 2020-05-11 06:04:28 Error: dataClass.MovieRecordClass: WRu10 | Berlin: die Symphonie einer Grossstadt | 0 | null -> Empty title: Berlin: Symphony of a Great City
98 2020-05-11 06:04:28 Error: dataClass.MovieRecordClass: LB6 | Los Olvidados | 0 | null -> Empty title: The Young and the Damned
99 2020-05-11 06:04:28 Error: dataClass.MovieRecordClass: LB9 | El grand cavalcodos | 0 | null -> Empty title: The Great Madcap
100 2020-05-11 06:04:28 Error: dataClass.MovieRecordClass: LB9 | El grand cavalcodos | 0 | null -> Invalid year format: 19yy
101 2020-05-11 06:04:28 Error: dataClass.MovieRecordClass: LB12 | Wuthering Heights | 0 | null -> Empty title: Abismos de Pasion
102 2020-05-11 06:04:28 Error: dataClass.MovieRecordClass: LB18 | Los Ambiciosas | 0 | null -> Empty title: Republic of Sin
103 2020-05-11 06:04:28 Error: dataClass.MovieRecordClass: LB25 | El Angel Exterminador | 0 | null -> Empty title: The Exterminating Angel
104 2020-05-11 06:04:28 Error: dataClass.MovieRecordClass: LB25 | El Angel Exterminador | 0 | null -> Empty title: Angel of Death
105 2020-05-11 06:04:28 Error: dataClass.MovieRecordClass: LB26 | Le Journal d'une Femme de Chambre | 0 | null -> Empty title: The Diary of a Chambermaid
106 2020-05-11 06:04:28 Error: dataClass.MovieRecordClass: LB30 | La Voie Lact\'ee | 0 | null -> Empty title: The Milky Way
107 2020-05-11 06:04:28 Error: dataClass.MovieRecordClass: LB35. | Cet obscur objet du d\'esir | 0 | null -> Empty title: That Obscure Object of Desire
108 2020-05-11 06:04:28 Error: dataClass.MovieRecordClass: LeL20 | Die Letzte Chance | 0 | null -> Empty title: The Last Chance
109 2020-05-11 06:04:28 Error: dataClass.MovieRecordClass: WaF25 | Bulldog Jack | 0 | null -> Empty title: Alias Bulldog Drummond
110 2020-05-11 06:04:28 Error: dataClass.MovieRecordClass: AD30 | Ivan | 0 | null -> Empty title: Ivan the Terrible
111 2020-05-11 06:04:28 Error: dataClass.MovieRecordClass: LiB1 | Madame X | 0 | null -> Empty title: Absinthe
112 2020-05-11 06:04:28 Error: dataClass.MovieRecordClass: MkD11 | Out in the World | 0 | null -> Empty title: My Apprenticeship
113 2020-05-11 06:04:28 Error: dataClass.MovieRecordClass: NoL36 | The Door with Seven Locks | 0 | null -> Empty title: Chamber of Horrors
114 2020-05-11 06:04:28 Error: dataClass.MovieRecordClass: RdR32 | The Maltese Falcon | 0 | null -> Empty title: Dangerous Female
115 2020-05-11 06:04:28 Error: dataClass.MovieRecordClass: null | The Killers | 0 | null -> Empty title: A Man Alone
116 2020-05-11 06:04:28 Error: dataClass.MovieRecordClass: GC16 | Camille | 0 | null -> Empty title: The Lady of the Camelias
117 2020-05-11 06:04:28 Error: dataClass.MovieRecordClass: IB150 | Hot Rods to Hell | 0 | null -> Empty title: 52 Miles to Terror
118 2020-05-11 06:04:28 Error: dataClass.MovieRecordClass: JC1 | Le Sang d'un Po\'ete | 0 | null -> Empty title: The Blood of a Poet
119 2020-05-11 06:04:28 Error: dataClass.MovieRecordClass: JC6 | La Belle et la B\^ete | 0 | null -> Empty title: The Beauty and the Beast
120 2020-05-11 06:04:28 Error: dataClass.MovieRecordClass: JC11 | Le Testament d'Orph\'ee | 0 | null -> Empty title: The Testamnet of Orpheus
121 2020-05-11 06:04:28 Error: dataClass.MovieRecordClass: JVi10 | Z\'ero de Conduite | 0 | null -> Empty title: Zero for Conduct
122 2020-05-11 06:04:28 Error: dataClass.MovieRecordClass: MdO62 | A Ca{\c}ca | 0 | null -> Empty title: The Hunt
123 2020-05-11 06:04:28 Error: dataClass.MovieRecordClass: MOp21 | Madame de | 0 | null -> Empty title: The Earrings of Madame de ...
124 2020-05-11 06:04:28 Error: dataClass.MovieRecordClass: SlD10 | K\"uhle Wampe | 0 | null -> Empty title: Wem gehort die Welt?
125 2020-05-11 06:04:28 Error: dataClass.MovieRecordClass: ETG10 | Beat Girl | 0 | null -> Empty title: Wild for Kicks
126 2020-05-11 06:04:28 Error: dataClass.MovieRecordClass: GeK20 | Tomorrow We Live | 0 | null -> Empty title: At Dawn We Die
127 2020-05-11 06:04:28 Error: dataClass.MovieRecordClass: NML31 | Casanova's Big Night | 0 | null -> Empty title: Casanova's Night Out
128 2020-05-11 06:04:28 Error: dataClass.MovieRecordClass: YAl10 | Les Orgeilleux | 0 | null -> Empty title: The Proud Ones
129 2020-05-11 06:04:28 Error: dataClass.MovieRecordClass: EDF10 | Side Street Story | 0 | null -> Empty title: Millionaires of Naples
130 2020-05-11 06:04:28 Error: dataClass.MovieRecordClass: AL13 | Castle on the Hudson | 0 | null -> Empty title: Years Without Days
131 2020-05-11 06:04:28 Error: dataClass.MovieRecordClass: EBz30 | At the Circus | 0 | null -> Empty title: The Marx Brothers at the Circus
132 2020-05-11 06:04:28 Error: dataClass.MovieRecordClass: HBH31 | I Wake up Screaming | 0 | null -> Empty title: Hot Spot
133 2020-05-11 06:04:28 Error: dataClass.MovieRecordClass: HHa38 | The Desert Fox | 0 | null -> Empty title: Rommel, The Desert Fox
134 2020-05-11 06:04:28 Error: dataClass.MovieRecordClass: IrP11 | The Man I Married | 0 | null -> Empty title: I Married a Nazi
135 2020-05-11 06:04:28 Error: dataClass.MovieRecordClass: KFr10 | Mad Love | 0 | null -> Empty title: The Hands of Orlac
136 2020-05-11 06:04:28 Error: dataClass.MovieRecordClass: LeR15 | Olympische Spiele 1936 | 0 | null -> Empty title: Olympia
137 2020-05-11 06:04:28 Error: dataClass.MovieRecordClass: RoS4 | The Man Who Changed His Mind | 0 | null -> Empty title: The Man Who Lived Again
138 2020-05-11 06:04:28 Error: dataClass.MovieRecordClass: ZK7 | The Macomber Affair | 0 | null -> Empty title: The Geat White Hunter
139 2020-05-11 06:04:28 Error: dataClass.MovieRecordClass: BW9 | The Big Carnival | 0 | null -> Empty title: Ace in the Hole
140 2020-05-11 06:04:28 Error: dataClass.MovieRecordClass: CAL15 | Le Diable au Corps | 0 | null -> Empty title: The Devil in the Flesh
141 2020-05-11 06:04:28 Error: dataClass.MovieRecordClass: CAL25 | L'Auberge Rouge | 0 | null -> Empty title: The Red Inn
142 2020-05-11 06:04:28 Error: dataClass.MovieRecordClass: CAL35 | Le Bl\'e en herbe | 0 | null -> Empty title: The Game of Love
143 2020-05-11 06:04:28 Error: dataClass.MovieRecordClass: CAL35 | Le Bl\'e en herbe | 0 | null -> Empty title: Ripening Seed
144 2020-05-11 06:04:28 Error: dataClass.MovieRecordClass: CAL36 | Le Rouge et Le Noir | 0 | null -> Empty title: The Red and the Black
145 2020-05-11 06:04:28 Error: dataClass.MovieRecordClass: CAL36 | Le Rouge et Le Noir | 0 | null -> Empty title: Scarlet and Black
146 2020-05-11 06:04:28 Error: dataClass.MovieRecordClass: CAL46 | La Travers\'ee de Paris | 0 | null -> Empty title: Four Bags Full
147 2020-05-11 06:04:28 Error: dataClass.MovieRecordClass: CAL46 | La Travers\'ee de Paris | 0 | null -> Empty title: Pig Across Paris
148 2020-05-11 06:04:28 Error: dataClass.MovieRecordClass: HRo2 | The Devil's Brother | 0 | null -> Empty title: Fra Diavolo
149 2020-05-11 06:04:29 Error: dataClass.MovieRecordClass: ABW40 | Busman's Honeymoon | 0 | null -> Empty title: Haunted Honeymoon
150 2020-05-11 06:04:29 Error: dataClass.MovieRecordClass: ChE1 | Call It Murder | 0 | null -> Empty title: Midnight
151 2020-05-11 06:04:29 Error: dataClass.MovieRecordClass: CR12 | Kipps | 0 | null -> Empty title: The Remarkable Mr.~Kipps
152 2020-05-11 06:04:29 Error: dataClass.MovieRecordClass: CR14 | The Way Ahead | 0 | null -> Empty title: Immortal Battalion
153 2020-05-11 06:04:29 Error: dataClass.MovieRecordClass: CR17 | The Fallen Idol | 0 | null -> Empty title: The Lost Illusion
154 2020-05-11 06:04:29 Error: dataClass.MovieRecordClass: EGU1 | The Black Cat | 0 | null -> Empty title: The House of Doom>
155 2020-05-11 06:04:29 Error: dataClass.MovieRecordClass: RWB73 | The Vault of Horror | 0 | null -> Empty title: Tales from the Crypt II
156 2020-05-11 06:04:29 Error: dataClass.MovieRecordClass: RWB73 | The Vault of Horror | 0 | null -> Empty title: Midnight Mess
157 2020-05-11 06:04:29 Error: dataClass.MovieRecordClass: RWB73 | The Vault of Horror | 0 | null -> Empty title: Neat Job
158 2020-05-11 06:04:29 Error: dataClass.MovieRecordClass: RWB73 | The Vault of Horror | 0 | null -> Empty title: Bargain in Death
159 2020-05-11 06:04:29 Error: dataClass.MovieRecordClass: RWB73 | The Vault of Horror | 0 | null -> Empty title: This Trick'll kill You
160 2020-05-11 06:04:29 Error: dataClass.MovieRecordClass: RWB73 | The Vault of Horror | 0 | null -> Empty title: Drawn and Quartered
161 2020-05-11 06:04:29 Error: dataClass.MovieRecordClass: EDm22 | Murder, My Sweet | 0 | null -> Empty title: Farewell, My Lovely
162 2020-05-11 06:04:29 Error: dataClass.MovieRecordClass: HaF35 | The Man Who Watched Trains Go By | 0 | null -> Empty title: Paris Express
163 2020-05-11 06:04:29 Error: dataClass.MovieRecordClass: HKo21 | The Inspector General | 0 | null -> Empty title: Happy Times
164 2020-05-11 06:04:29 Error: dataClass.MovieRecordClass: HKo26 | No Highway in the Sky | 0 | null -> Empty title: No Highway
165 2020-05-11 06:04:29 Error: dataClass.MovieRecordClass: HWa9 | Where No Vultures Fly | 0 | null -> Empty title: Ivory Hunter
166 2020-05-11 06:04:29 Error: dataClass.MovieRecordClass: MC3 | Quai des Brumes | 0 | null -> Empty title: Port of Shadows
167 2020-05-11 06:04:29 Error: dataClass.MovieRecordClass: MC5 | Le Jour se L\`eve | 0 | null -> Empty title: Daybreak
168 2020-05-11 06:04:29 Error: dataClass.MovieRecordClass: MC7 | Les Enfants du Paradis | 0 | null -> Empty title: Children of Paradise
169 2020-05-11 06:04:29 Error: dataClass.MovieRecordClass: MC11 | Th\`eres\'e R\'aquin | 0 | null -> Empty title: The Adultress
170 2020-05-11 06:04:29 Error: dataClass.MovieRecordClass: GeS17 | The Lady and the Monster | 0 | null -> Empty title: Tiger Man
171 2020-05-11 06:04:29 Error: dataClass.MovieRecordClass: MP6 | 49th Parallel | 0 | null -> Empty title: Forty Ninth Parallel
172 2020-05-11 06:04:29 Error: dataClass.MovieRecordClass: MP6 | 49th Parallel | 0 | null -> Empty title: The Invaders
173 2020-05-11 06:04:29 Error: dataClass.MovieRecordClass: MP8 | The Life and Death of Colonel Blimp | 0 | null -> Empty title: Colonel Blimp
174 2020-05-11 06:04:29 Error: dataClass.MovieRecordClass: MP17 | Gone to Earth | 0 | null -> Empty title: The Wild Heart
175 2020-05-11 06:04:29 Error: dataClass.MovieRecordClass: MP31 | The Battle of the River Plate | 0 | null -> Empty title: Pursuit of the Graf Spee
176 2020-05-11 06:04:29 Error: dataClass.MovieRecordClass: ChJ40 | Tous les Gars du Monde | 0 | null -> Empty title: Race for Life
177 2020-05-11 06:04:29 Error: dataClass.MovieRecordClass: ChJ60 | Secret Agents | 0 | null -> Empty title: The Dirty Game
178 2020-05-11 06:04:29 Error: dataClass.MovieRecordClass: ChJ70 | Two Tickets to Mexico | 0 | null -> Empty title: Dead Run
179 2020-05-11 06:04:29 Error: dataClass.MovieRecordClass: EP1 | Vessel of Wrath | 0 | null -> Empty title: The Beachcomber
180 2020-05-11 06:04:29 Error: dataClass.MovieRecordClass: GaK5 | My Favorite Wife | 0 | null -> Empty title: My Favourite Wife
181 2020-05-11 06:04:29 Error: dataClass.MovieRecordClass: JqT7 | Out of the Past | 0 | null -> Empty title: Build My Gallows High
182 2020-05-11 06:04:29 Error: dataClass.MovieRecordClass: JqT14 | Curse of the Demon | 0 | null -> Empty title: Night of the Demon
183 2020-05-11 06:04:29 Error: dataClass.MovieRecordClass: JHL17 | The Big Combo | 0 | null -> Empty title: The Big Combo by Philip Yordan
184 2020-05-11 06:04:29 Error: dataClass.MovieRecordClass: JnD6 | L'Eternel Retour | 0 | null -> Empty title: The Eternal Return
185 2020-05-11 06:04:29 Error: dataClass.MovieRecordClass: JnD28 | Destinees | 0 | null -> Empty title: Love
186 2020-05-11 06:04:29 Error: dataClass.MovieRecordClass: JnD28 | Destinees | 0 | null -> Empty title: Soldiers
187 2020-05-11 06:04:29 Error: dataClass.MovieRecordClass: JnD28 | Destinees | 0 | null -> Empty title: Women
188 2020-05-11 06:04:29 Error: dataClass.MovieRecordClass: JnD31 | Marie Antoinette | 0 | null -> Empty title: Shadow of the Guillotine
189 2020-05-11 06:04:29 Error: dataClass.MovieRecordClass: JnD33 | Notre Dame de Paris | 0 | null -> Empty title: The Hunchback of Notre Dame
190 2020-05-11 06:04:29 Error: dataClass.MovieRecordClass: JnD36 | Inspector Maigret | 0 | null -> Empty title: Maigret Sets a Trap
191 2020-05-11 06:04:29 Error: dataClass.MovieRecordClass: OW3 | It's all True | 0 | null -> Empty title: My Friend Donito
192 2020-05-11 06:04:29 Error: dataClass.MovieRecordClass: OW3 | It's all True | 0 | null -> Empty title: Carneval in Rio
193 2020-05-11 06:04:29 Error: dataClass.MovieRecordClass: OW3 | It's all True | 0 | null -> Empty title: Four Men on a Raft
194 2020-05-11 06:04:29 Error: dataClass.MovieRecordClass: OW11 | Chimes at Midnight | 0 | null -> Empty title: Falstaff
195 2020-05-11 06:04:29 Error: dataClass.MovieRecordClass: PS22 | Les Carnets de Major Thompson | 0 | null -> Empty title: The Diary of Major Thompson
196 2020-05-11 06:04:29 Error: dataClass.MovieRecordClass: PS22 | Les Carnets de Major Thompson | 0 | null -> Empty title: The French They are a Funny Race
197 2020-05-11 06:04:29 Error: dataClass.MovieRecordClass: DMi27 | The Story of Esther Costello | 0 | null -> Empty title: The Golden Virgin
198 2020-05-11 06:04:29 Error: dataClass.MovieRecordClass: LHo2 | The First of the Few | 0 | null -> Empty title: Spitfire
199 2020-05-11 06:04:29 Error: dataClass.MovieRecordClass: StH15 | Smash-Up | 0 | null -> Empty title: Smash-Up, The Story of A Woman
200 2020-05-11 06:04:29 Error: dataClass.MovieRecordClass: StH15 | Smash-Up | 0 | null -> Empty title: A Woman Destroyed
201 2020-05-11 06:04:29 Error: dataClass.MovieRecordClass: VdS2 | I Bambini ci Guardino | 0 | null -> Empty title: The Children are Watching Us
202 2020-05-11 06:04:29 Error: dataClass.MovieRecordClass: VdS5 | Bicycle Thieves | 0 | null -> Empty title: Shoeshine
203 2020-05-11 06:04:29 Error: dataClass.MovieRecordClass: VdS13 | Stazione Termini | 0 | null -> Empty title: Indiscretion of an American Wife
204 2020-05-11 06:04:29 Error: dataClass.MovieRecordClass: ASj15 | Hets | 0 | null -> Empty title: Frenzy
205 2020-05-11 06:04:29 Error: dataClass.MovieRecordClass: ASj15 | Hets | 0 | null -> Empty title: Torment
206 2020-05-11 06:04:29 Error: dataClass.MovieRecordClass: DL9 | The Sound Barrier | 0 | null -> Empty title: Breaking the Sound Barrier
207 2020-05-11 06:04:29 Error: dataClass.MovieRecordClass: DL11 | Summertime | 0 | null -> Empty title: Summer Madness
208 2020-05-11 06:04:29 Error: dataClass.MovieRecordClass: HGC16 | Le Salaire de la Peur | 0 | null -> Empty title: The Wages of Fear
209 2020-05-11 06:04:29 Error: dataClass.MovieRecordClass: HGC19 | la Myst\`ere de Picasso | 0 | null -> Empty title: The Mystery of Picasso
210 2020-05-11 06:04:29 Error: dataClass.MovieRecordClass: JD7 | null | 0 | null -> Empty title: 
211 2020-05-11 06:04:29 Error: dataClass.MovieRecordClass: JD12 | Rififi | 0 | null -> Empty title: Du Rififi Chez Les Hommes
212 2020-05-11 06:04:29 Error: dataClass.MovieRecordClass: JqB5 | Goupi Mains Rouges | 0 | null -> Empty title: It Happened at the Inn
213 2020-05-11 06:04:29 Error: dataClass.MovieRecordClass: JqB38 | Le Trou | 0 | null -> Empty title: The Hole
214 2020-05-11 06:04:29 Error: dataClass.MovieRecordClass: LuV1 | Ossessione | 0 | null -> Empty title: Obsession
215 2020-05-11 06:04:29 Error: dataClass.MovieRecordClass: LuV20 | Senso | 0 | null -> Empty title: The Wanton Countess
216 2020-05-11 06:04:29 Error: dataClass.MovieRecordClass: LuV50 | Il gattopardo | 0 | null -> Empty title: The Leopard
217 2020-05-11 06:04:29 Error: dataClass.MovieRecordClass: AkK1 | Sugata Sanshiro | 0 | null -> Empty title: Judo Saga
218 2020-05-11 06:04:29 Error: dataClass.MovieRecordClass: AkK12 | Ugetsu | 0 | null -> Empty title: The Idiot?
219 2020-05-11 06:04:29 Error: dataClass.MovieRecordClass: AkK14 | Shichinin no Samurai | 0 | null -> Empty title: The Seven Samurai
220 2020-05-11 06:04:29 Error: dataClass.MovieRecordClass: AkK27 | Kagemusha | 0 | null -> Empty title: The Shadow Warrior
221 2020-05-11 06:04:29 Error: dataClass.MovieRecordClass: FLd10 | I see a Dark Stranger | 0 | null -> Empty title: The Adventuress
222 2020-05-11 06:04:29 Error: dataClass.MovieRecordClass: RCl4 | Au del\`a des Grilles | 0 | null -> Empty title: The Walls of Malapaga
223 2020-05-11 06:04:29 Error: dataClass.MovieRecordClass: RCl5 | Les Jeux Interdits | 0 | null -> Empty title: Forbidden Games
224 2020-05-11 06:04:29 Error: dataClass.MovieRecordClass: RCl10 | Plein Soleil | 0 | null -> Empty title: Purple Noon
225 2020-05-11 06:04:29 Error: dataClass.MovieRecordClass: RtB4 | Journal d'un Cur\'e de Campagne | 0 | null -> Empty title: The Diary of a Country Priest
226 2020-05-11 06:04:29 Error: dataClass.MovieRecordClass: RtB5 | Un Condamn\'e \`a Mort s'est Echapp\'e | 0 | null -> Empty title: A Man Escaped
227 2020-05-11 06:04:29 Error: dataClass.MovieRecordClass: RtB11 | Quatre Nuits d'un Reveur | 0 | null -> Empty title: Four Nights of a Dreamer
228 2020-05-11 06:04:29 Error: dataClass.MovieRecordClass: RtB12 | Lancelot du Lac | 0 | null -> Empty title: Lancelot of the Lake
229 2020-05-11 06:04:29 Error: dataClass.MovieRecordClass: RtB13 | L'Diable probalement | 0 | null -> Empty title: The Devil Probably
230 2020-05-11 06:04:29 Error: dataClass.MovieRecordClass: VGu19 | The Quatermass Experiment | 0 | null -> Empty title: The Creeping Unknown
231 2020-05-11 06:04:29 Error: dataClass.MovieRecordClass: VGu23 | Quatermass II | 0 | null -> Empty title: Enemy from Space
232 2020-05-11 06:04:29 Error: dataClass.MovieRecordClass: RBt6 | The Guinea Pig | 0 | null -> Empty title: The Outsider
233 2020-05-11 06:04:29 Error: dataClass.MovieRecordClass: RWi33 | Star! | 0 | null -> Empty title: Those were the Happy Days
234 2020-05-11 06:04:29 Error: dataClass.MovieRecordClass: GS3 | Miracle on 34th Street | 0 | null -> Empty title: The Big Heart
235 2020-05-11 06:04:29 Error: dataClass.MovieRecordClass: GS16 | Airport | 0 | null -> Empty title: Airport 70
236 2020-05-11 06:04:29 Error: dataClass.MovieRecordClass: InB11 | Waiting Women | 0 | null -> Empty title: Secrets of Women
237 2020-05-11 06:04:29 Error: dataClass.MovieRecordClass: InB13 | The Naked Night | 0 | null -> Empty title: Sawdust and Tinsel
238 2020-05-11 06:04:29 Error: dataClass.MovieRecordClass: InB20 | Ansiktet | 0 | null -> Empty title: The Face
239 2020-05-11 06:04:29 Error: dataClass.MovieRecordClass: InB20 | Ansiktet | 0 | null -> Empty title: The Magician
240 2020-05-11 06:04:29 Error: dataClass.MovieRecordClass: InB25 | Trystnaden | 0 | null -> Empty title: The Silence
241 2020-05-11 06:04:29 Error: dataClass.MovieRecordClass: PiG30 | Maledotto Imbroglio | 0 | null -> Empty title: A Sordid Affair
242 2020-05-11 06:04:29 Error: dataClass.MovieRecordClass: RRo5 | Paisa | 0 | null -> Empty title: Paisan
243 2020-05-11 06:04:29 Error: dataClass.MovieRecordClass: WlB10 | Dick Tracy | 0 | null -> Empty title: Split Face
244 2020-05-11 06:04:29 Error: dataClass.MovieRecordClass: KeA34 | Those Daring Young Men in Their Jaunty Jalopies | 0 | null -> Empty title: Monte Carlo or Bust
245 2020-05-11 06:04:29 Error: dataClass.MovieRecordClass: RcF20 | Theodora, Slave Express | 0 | null -> Empty title: Teodora, Empress of Byzantium
246 2020-05-11 06:04:29 Error: dataClass.MovieRecordClass: RcF40 | Coplan FX 18 Casse Tout | 0 | null -> Empty title: The Exterminators
247 2020-05-11 06:04:29 Error: dataClass.MovieRecordClass: RiF39 | Crossed Swords | 0 | null -> Empty title: The Prince and The Pauper
248 2020-05-11 06:04:29 Error: dataClass.MovieRecordClass: WS45 | Catherine of Russia | 0 | null -> Invalid year format: 19yy
249 2020-05-11 06:04:29 Error: dataClass.MovieRecordClass: GdS2 | Riso Amaro | 0 | null -> Empty title: Bitter Rice
250 2020-05-11 06:04:29 Error: dataClass.MovieRecordClass: JPM5 | Les Enfants Terribles | 0 | null -> Empty title: The Strange Ones
251 2020-05-11 06:04:29 Error: dataClass.MovieRecordClass: TFi9 | Dracula | 0 | null -> Empty title: Horror of Dracula
252 2020-05-11 06:04:29 Error: dataClass.MovieRecordClass: Z0429 | Something Got to Give | 0 | null -> Empty title: Move Over Darling
253 2020-05-11 06:04:29 Error: dataClass.MovieRecordClass: RaT46 | It's not the Size That Counts | 0 | null -> Empty title: Percy's Progress
254 2020-05-11 06:04:29 Error: dataClass.MovieRecordClass: AlL2 | Crin Blanc | 0 | null -> Empty title: White Mane
255 2020-05-11 06:04:29 Error: dataClass.MovieRecordClass: AlL3 | Le ballon rouge | 0 | null -> Empty title: The Red Baloon
256 2020-05-11 06:04:29 Error: dataClass.MovieRecordClass: FBr50 | King of the Rocketmen | 0 | null -> Empty title: Lost Planet Airmen
257 2020-05-11 06:04:29 Error: dataClass.MovieRecordClass: GFr35 | Les Yeux sans Visage | 0 | null -> Empty title: The Horror Chamber of Dr.~Faustus
258 2020-05-11 06:04:29 Error: dataClass.MovieRecordClass: GFr35 | Les Yeux sans Visage | 0 | null -> Empty title: Eyes Without a Face
259 2020-05-11 06:04:29 Error: dataClass.MovieRecordClass: HKl23 | Step Down to Terror | 0 | null -> Empty title: The Silent Stranger
260 2020-05-11 06:04:29 Error: dataClass.MovieRecordClass: JT2 | Les Vacances de Monsieur Hulot | 0 | null -> Empty title: Monsieur Hulot's Holiday
261 2020-05-11 06:04:29 Error: dataClass.MovieRecordClass: JT5 | Traffic | 0 | null -> Empty title: Playtime
262 2020-05-11 06:04:29 Error: dataClass.MovieRecordClass: SM1 | Whiskey Galore | 0 | null -> Empty title: Tight Little Island
263 2020-05-11 06:04:29 Error: dataClass.MovieRecordClass: WlJ10 | null | 0 | null -> Empty title: 
264 2020-05-11 06:04:29 Error: dataClass.MovieRecordClass: FF1 | Luci del Varieta | 0 | null -> Empty title: Variety Lights
265 2020-05-11 06:04:29 Error: dataClass.MovieRecordClass: FF3 | I Vitelloni | 0 | null -> Empty title: The Young and the Passionate
266 2020-05-11 06:04:29 Error: dataClass.MovieRecordClass: FF5 | Il Bidone | 0 | null -> Empty title: The Swindlers
267 2020-05-11 06:04:29 Error: dataClass.MovieRecordClass: FF9 | Otto e Mezzo | 0 | null -> Empty title: Eight 1/2
268 2020-05-11 06:04:29 Error: dataClass.MovieRecordClass: FF10 | Giulietta degli Spiriti | 0 | null -> Empty title: Juliet of the Spirits
269 2020-05-11 06:04:29 Error: dataClass.MovieRecordClass: FF12 | Satyricon | 0 | null -> Empty title: Fellini Satyricon
270 2020-05-11 06:04:29 Error: dataClass.MovieRecordClass: FF18 | Casanova | 0 | null -> Empty title: Fellini's Casanova
271 2020-05-11 06:04:29 Error: dataClass.MovieRecordClass: FF23 | La Citta delle Donne | 0 | null -> Empty title: City of Women
272 2020-05-11 06:04:29 Error: dataClass.MovieRecordClass: MA6 | The Passenger | 0 | null -> Empty title: Profession: Reporter
273 2020-05-11 06:04:29 Error: dataClass.MovieRecordClass: MA38 | Par-dela les Nuages | 0 | null -> Empty title: Beyond the Clouds
274 2020-05-11 06:04:29 Error: dataClass.MovieRecordClass: RcB3 | Deadline USA | 0 | null -> Empty title: Deadline
275 2020-05-11 06:04:29 Error: dataClass.MovieRecordClass: ShI15 | Buta to Gunkan | 0 | null -> Empty title: Pigs and Battleships
276 2020-05-11 06:04:29 Error: dataClass.MovieRecordClass: ShI20 | Akai Satsui | 0 | null -> Empty title: Intentions of Murder
277 2020-05-11 06:04:29 Error: dataClass.MovieRecordClass: ShI23 | Jinruigaku Nyumon | 0 | null -> Empty title: The Pornographers: Introduction to Anthropology
278 2020-05-11 06:04:29 Error: dataClass.MovieRecordClass: Z5020 | Hollywood Bound | 0 | null -> Empty title: I Wake up Screaming
279 2020-05-11 06:04:29 Error: dataClass.MovieRecordClass: KHu21 | Oh Alfie | 0 | null -> Empty title: Alfie Darling
280 2020-05-11 06:04:29 Error: dataClass.MovieRecordClass: PeB4 | The Marat-Sade | 0 | null -> Empty title: The Persecution and Assassination of Jean-Paul Marat, as performed by the inmates of the Asylum of Charenton under the Direction of the Marquis deSade
281 2020-05-11 06:04:29 Error: dataClass.MovieRecordClass: ADx11 | De Man Die Zijn Haar Kort Liet Knippen | 0 | null -> Empty title: The Man Who Had His Hair Cut Short
282 2020-05-11 06:04:29 Error: dataClass.MovieRecordClass: ADx30 | Een Vrouw tussen Hond en Wolf | 0 | null -> Empty title: Women in Twilight
283 2020-05-11 06:04:29 Error: dataClass.MovieRecordClass: EDW10 | Glen or Glenda | 0 | null -> Empty title: I Changed my Sex
284 2020-05-11 06:04:29 Error: dataClass.MovieRecordClass: EDW10 | Glen or Glenda | 0 | null -> Empty title: I Led Two Lives
285 2020-05-11 06:04:29 Error: dataClass.MovieRecordClass: EDW10 | Glen or Glenda | 0 | null -> Empty title: He or She
286 2020-05-11 06:04:29 Error: dataClass.MovieRecordClass: EDW10 | Glen or Glenda | 0 | null -> Empty title: The Transvestite
287 2020-05-11 06:04:29 Error: dataClass.MovieRecordClass: JA30 | High School Confidential! | 0 | null -> Empty title: The Young Hellions
288 2020-05-11 06:04:29 Error: dataClass.MovieRecordClass: PtF5 | Attilo Flagello di Dio | 0 | null -> Empty title: Attila the Hun
289 2020-05-11 06:04:29 Error: dataClass.MovieRecordClass: PtF10 | Le Fatiche di Ercole | 0 | null -> Empty title: Hercules
290 2020-05-11 06:04:29 Error: dataClass.MovieRecordClass: SR1 | Pather Panchali | 0 | null -> Empty title: Song of the Little Road
291 2020-05-11 06:04:29 Error: dataClass.MovieRecordClass: SR15 | Aparajito | 0 | null -> Empty title: The Unvanquished
292 2020-05-11 06:04:29 Error: dataClass.MovieRecordClass: SR20 | Jalsaghar | 0 | null -> Empty title: The Music Room
293 2020-05-11 06:04:29 Error: dataClass.MovieRecordClass: SR25 | Apur Sansar | 0 | null -> Empty title: The World of Apu
294 2020-05-11 06:04:29 Error: dataClass.MovieRecordClass: SR30 | Devi | 0 | null -> Empty title: The Goddess
295 2020-05-11 06:04:29 Error: dataClass.MovieRecordClass: SR32 | Samapti | 0 | null -> Empty title: The Three Daughters
296 2020-05-11 06:04:29 Error: dataClass.MovieRecordClass: SR36 | Mahangar | 0 | null -> Empty title: The Big City
297 2020-05-11 06:04:29 Error: dataClass.MovieRecordClass: SR37 | Charulata | 0 | null -> Empty title: The Lonely Wife
298 2020-05-11 06:04:29 Error: dataClass.MovieRecordClass: SR39 | The Hero | 0 | null -> Empty title: Coward and Holyman
299 2020-05-11 06:04:29 Error: dataClass.MovieRecordClass: SR45 | Aranyer Din Ratri | 0 | null -> Empty title: Days and Nights in the Forest
300 2020-05-11 06:04:29 Error: dataClass.MovieRecordClass: SR55 | Ashani Sanket | 0 | null -> Empty title: Distant Thunder
301 2020-05-11 06:04:29 Error: dataClass.MovieRecordClass: SR60 | Jana Aranya | 0 | null -> Empty title: The Middle Man
302 2020-05-11 06:04:29 Error: dataClass.MovieRecordClass: AS14 | Fade In | 0 | null -> Empty title: Iron Cowboy
303 2020-05-11 06:04:29 Error: dataClass.MovieRecordClass: AS22 | Morgan Stewart's Coming Home | 0 | null -> Empty title: Homefront
304 2020-05-11 06:04:29 Error: dataClass.MovieRecordClass: AS22 | Morgan Stewart's Coming Home | 0 | null -> Invalid year format: 199x
305 2020-05-11 06:04:29 Error: dataClass.MovieRecordClass: AS25 | Starfire | 0 | null -> Empty title: Solar Crisis
306 2020-05-11 06:04:29 Error: dataClass.MovieRecordClass: AS25 | Starfire | 0 | null -> Empty title: Crisis 2050
307 2020-05-11 06:04:29 Error: dataClass.MovieRecordClass: AS32 | Raging Angels | 0 | null -> Invalid year format: 199x
308 2020-05-11 06:04:29 Error: dataClass.MovieRecordClass: ClS22 | Les choses de la vie | 0 | null -> Empty title: The Things of Life
309 2020-05-11 06:04:29 Error: dataClass.MovieRecordClass: ClS30 | Une Histoire Simple | 0 | null -> Empty title: A Simple Story
310 2020-05-11 06:04:29 Error: dataClass.MovieRecordClass: HeH10 | The Bar Sinister | 0 | null -> Empty title: It's a Dog's Life
311 2020-05-11 06:04:29 Error: dataClass.MovieRecordClass: IPa10 | Dementia | 0 | null -> Empty title: Daughter of Horror
312 2020-05-11 06:04:29 Error: dataClass.MovieRecordClass: RAl98 | Ready to Wear | 0 | null -> Empty title: Pret-a-porter
313 2020-05-11 06:04:29 Error: dataClass.MovieRecordClass: RCo26 | House of Usher | 0 | null -> Empty title: The Fall of the House of Usher
314 2020-05-11 06:04:29 Error: dataClass.MovieRecordClass: RGt15 | Subarnarekha | 0 | null -> Empty title: Golden Line
315 2020-05-11 06:04:29 Error: dataClass.MovieRecordClass: SK8 | It's a Mad Mad Mad Mad World | 0 | null -> Empty title: It's a Mad, Mad, Mad, Mad World
316 2020-05-11 06:04:29 Error: dataClass.MovieRecordClass: SK26 | The Domino Principle | 0 | null -> Empty title: The Domino Killings
317 2020-05-11 06:04:29 Error: dataClass.MovieRecordClass: SuH10 | Furyo Shonen | 0 | null -> Empty title: Bad Boys
318 2020-05-11 06:04:29 Error: dataClass.MovieRecordClass: SuH14 | Kanojo to Kare | 0 | null -> Empty title: He and She
319 2020-05-11 06:04:29 Error: dataClass.MovieRecordClass: SuH15 | Te o Tanagu Kora | 0 | null -> Empty title: Children Hand in Hand
320 2020-05-11 06:04:29 Error: dataClass.MovieRecordClass: SuH20 | Hatsui Jigokuhen | 0 | null -> Empty title: The Inferno of First Love
321 2020-05-11 06:04:29 Error: dataClass.MovieRecordClass: CD20 | Old Dracula | 0 | null -> Empty title: Vampira
322 2020-05-11 06:04:29 Error: dataClass.MovieRecordClass: FiC1 | Patterns of Power | 0 | null -> Empty title: Patterns
323 2020-05-11 06:04:29 Error: dataClass.MovieRecordClass: FrE10 | The Violent Years | 0 | null -> Empty title: Female
324 2020-05-11 06:04:29 Error: dataClass.MovieRecordClass: GeP45 | null | 0 | null -> Empty title: 
325 2020-05-11 06:04:29 Error: dataClass.MovieRecordClass: LMa2 | Frantic | 0 | null -> Empty title: Lift to the Scaffold
326 2020-05-11 06:04:29 Error: dataClass.MovieRecordClass: LMa2 | Frantic | 0 | null -> Empty title: Elevator to the Scaffold
327 2020-05-11 06:04:29 Error: dataClass.MovieRecordClass: LMa18 | Souffle au Coeur | 0 | null -> Empty title: Murmur of the Heart
328 2020-05-11 06:04:29 Error: dataClass.MovieRecordClass: LMa24 | Atlantic City | 0 | null -> Empty title: Atlantic City USA
329 2020-05-11 06:04:29 Error: dataClass.MovieRecordClass: MFe10 | Queen Bee | 0 | null -> Empty title: The Conjugal Bed
330 2020-05-11 06:04:29 Error: dataClass.MovieRecordClass: RoV15 | Don Juan | 0 | null -> Empty title: If Don Juan Were a Woman
331 2020-05-11 06:04:29 Error: dataClass.MovieRecordClass: RoV15 | Don Juan | 0 | null -> Empty title: Ms.Don Juan
332 2020-05-11 06:04:29 Error: dataClass.MovieRecordClass: Z5110 | Her Bridal Night | 0 | null -> Empty title: The Bride is Much too Beautiful
333 2020-05-11 06:04:29 Error: dataClass.MovieRecordClass: Z5115 | Mademoiselle Striptease | 0 | null -> Empty title: Please Mr. Balzac
334 2020-05-11 06:04:29 Error: dataClass.MovieRecordClass: DTa210 | Great Scout and Cathouse Thursday | 0 | null -> Empty title: Wildcat
335 2020-05-11 06:04:29 Error: dataClass.MovieRecordClass: EMo17 | Dracula, Pere et fils | 0 | null -> Empty title: Dracula and Son
336 2020-05-11 06:04:29 Error: dataClass.MovieRecordClass: FMe10 | El Vampiro | 0 | null -> Empty title: The Vampire
337 2020-05-11 06:04:29 Error: dataClass.MovieRecordClass: FMe12 | El Ataud del Coffin | 0 | null -> Empty title: The Vampire's Coffin
338 2020-05-11 06:04:29 Error: dataClass.MovieRecordClass: MRe7 | Rockets Galore | 0 | null -> Empty title: Mad Little Island
339 2020-05-11 06:04:29 Error: dataClass.MovieRecordClass: PLd10 | The Vampire | 0 | null -> Empty title: Mark of the Vampire
340 2020-05-11 06:04:29 Error: dataClass.MovieRecordClass: SL37 | Death Trap | 0 | null -> Empty title: Deathtrap
341 2020-05-11 06:04:29 Error: dataClass.MovieRecordClass: SS11 | Twilight Zone | 0 | null -> Empty title: Twilight Zone - The Movie
342 2020-05-11 06:04:29 Error: dataClass.MovieRecordClass: YMa1 | Kuchizuki | 0 | null -> Empty title: Kisses
343 2020-05-11 06:04:29 Error: dataClass.MovieRecordClass: YMa15 | Seisaku no Tsuma | 0 | null -> Empty title: Seisaku's Wife
344 2020-05-11 06:04:29 Error: dataClass.MovieRecordClass: Z5730 | Far Behind Enemy Lines | 0 | null -> Empty title: Where Eagles Dare
345 2020-05-11 06:04:29 Error: dataClass.MovieRecordClass: ClC24 | Le Boucher | 0 | null -> Empty title: The Butcher
346 2020-05-11 06:04:29 Error: dataClass.MovieRecordClass: FT2 | Les Quatre-Cents Coups | 0 | null -> Empty title: The 400 Blows
347 2020-05-11 06:04:29 Error: dataClass.MovieRecordClass: FT3 | Tirez sur le pianiste | 0 | null -> Empty title: Shoot the Pianoplayer
348 2020-05-11 06:04:29 Error: dataClass.MovieRecordClass: FT3 | Tirez sur le pianiste | 0 | null -> Empty title: Shoot the Pianist
349 2020-05-11 06:04:29 Error: dataClass.MovieRecordClass: FT6 | La peau douce | 0 | null -> Empty title: Silken Skin
350 2020-05-11 06:04:29 Error: dataClass.MovieRecordClass: FT8 | La Marie Etait En Noir | 0 | null -> Empty title: The Bride Wore Black
351 2020-05-11 06:04:29 Error: dataClass.MovieRecordClass: FT9 | Baisers Vol\'es | 0 | null -> Empty title: Stolen Kisses
352 2020-05-11 06:04:29 Error: dataClass.MovieRecordClass: FT10 | La Sir\'ene du Missisippi | 0 | null -> Empty title: Mississippi Mermaid
353 2020-05-11 06:04:29 Error: dataClass.MovieRecordClass: FT11 | L'Enfant Sauvage | 0 | null -> Empty title: The Wild Child of Aveyron
354 2020-05-11 06:04:29 Error: dataClass.MovieRecordClass: FT13 | Les deux anglaises et le continent | 0 | null -> Empty title: Anne and Muriel
355 2020-05-11 06:04:29 Error: dataClass.MovieRecordClass: FT13 | Les deux anglaises et le continent | 0 | null -> Empty title: Two English Girls
356 2020-05-11 06:04:29 Error: dataClass.MovieRecordClass: FT14 | Une belle fille comme moi | 0 | null -> Empty title: A Gorgeous Bird Like Me
357 2020-05-11 06:04:29 Error: dataClass.MovieRecordClass: FT14 | Une belle fille comme moi | 0 | null -> Empty title: Such a Gorgeous Kid Like Me
358 2020-05-11 06:04:29 Error: dataClass.MovieRecordClass: FT15 | La Nuit Americaine | 0 | null -> Empty title: Day for Night
359 2020-05-11 06:04:29 Error: dataClass.MovieRecordClass: FT16 | L'histoire d'Ad\`ele H. | 0 | null -> Empty title: The Story of Adele H.
360 2020-05-11 06:04:29 Error: dataClass.MovieRecordClass: FT18 | L'argent de poche | 0 | null -> Empty title: Small Change
361 2020-05-11 06:04:29 Error: dataClass.MovieRecordClass: FT20 | l'homme qui aimait les femmes | 0 | null -> Empty title: The Man Who Loved Women
362 2020-05-11 06:04:29 Error: dataClass.MovieRecordClass: FT22 | L'amour en fuite | 0 | null -> Empty title: Love on the Run
363 2020-05-11 06:04:29 Error: dataClass.MovieRecordClass: FT24 | Le Dernier Metro | 0 | null -> Empty title: The Last Metro
364 2020-05-11 06:04:29 Error: dataClass.MovieRecordClass: FT28 | La femme d'\`a c\^ot\'e | 0 | null -> Empty title: The Woman Next Door
365 2020-05-11 06:04:29 Error: dataClass.MovieRecordClass: FT30 | Vivement Dimanche | 0 | null -> Empty title: Confidentially Yours
366 2020-05-11 06:04:29 Error: dataClass.MovieRecordClass: MCm1 | Black Orpheus | 0 | null -> Empty title: Orfeu Negro
367 2020-05-11 06:04:29 Error: dataClass.MovieRecordClass: MPi23 | Lou-lou | 0 | null -> Empty title: Loulou
368 2020-05-11 06:04:29 Error: dataClass.MovieRecordClass: MPi40 | A Nos Amours | 0 | null -> Empty title: All Our Loves
369 2020-05-11 06:04:29 Error: dataClass.MovieRecordClass: SHo2 | Taste of Fear | 0 | null -> Empty title: Scream of Fear
370 2020-05-11 06:04:29 Error: dataClass.MovieRecordClass: BeW4 | Die Brucke | 0 | null -> Empty title: The Bridge
371 2020-05-11 06:04:29 Error: dataClass.MovieRecordClass: BeW12 | Morituri | 0 | null -> Empty title: The Saboteur
372 2020-05-11 06:04:29 Error: dataClass.MovieRecordClass: BeW12 | Morituri | 0 | null -> Empty title: Code Name Morituri
373 2020-05-11 06:04:29 Error: dataClass.MovieRecordClass: ERr22 | La Genou de Claire | 0 | null -> Empty title: Claire's Knee
374 2020-05-11 06:04:29 Error: dataClass.MovieRecordClass: ERr45 | Le Rayon Vert | 0 | null -> Empty title: Summer
375 2020-05-11 06:04:29 Error: dataClass.MovieRecordClass: JLG1 | A Bout de Souffle | 0 | null -> Empty title: Breathless
376 2020-05-11 06:04:29 Error: dataClass.MovieRecordClass: JLG11 | Band a part | 0 | null -> Empty title: Band of Outsiders
377 2020-05-11 06:04:29 Error: dataClass.MovieRecordClass: JLG22 | Deux ou trois choses que je sais d'elle | 0 | null -> Empty title: Two Or Three Things I Know About Her
378 2020-05-11 06:04:29 Error: dataClass.MovieRecordClass: JLG30 | Tout Va Bien | 0 | null -> Empty title: A Letter to Jane
379 2020-05-11 06:04:29 Error: dataClass.MovieRecordClass: JLG40 | Sauve Qui Peut | 0 | null -> Empty title: Every Man for Himself
380 2020-05-11 06:04:29 Error: dataClass.MovieRecordClass: JLG52 | Je Vous Salue Marie | 0 | null -> Empty title: Hail Mary
381 2020-05-11 06:04:29 Error: dataClass.MovieRecordClass: AlZ5 | Sex Kittens go to College | 0 | null -> Empty title: Beauty and the Robot
382 2020-05-11 06:04:29 Error: dataClass.MovieRecordClass: AlZ5 | Sex Kittens go to College | 0 | null -> Empty title: Beauty and the Brain
383 2020-05-11 06:04:29 Error: dataClass.MovieRecordClass: ClL5 | Un homme et une femme | 0 | null -> Empty title: A Man and a Woman
384 2020-05-11 06:04:29 Error: dataClass.MovieRecordClass: ECo20 | Cabra Marcadao Para Morrer | 0 | null -> Empty title: Twenty Years Later
385 2020-05-11 06:04:29 Error: dataClass.MovieRecordClass: FCo20 | En Este Pueblo No Hay Ladrones | 0 | null -> Empty title: In This Town There Are No Thieves
386 2020-05-11 06:04:29 Error: dataClass.MovieRecordClass: GOu10 | Le Corniaud | 0 | null -> Empty title: The Sucker
387 2020-05-11 06:04:29 Error: dataClass.MovieRecordClass: JqD4 | Les Parpluies de Cherbourg | 0 | null -> Empty title: The Umbrellas of Cherbourg
388 2020-05-11 06:04:29 Error: dataClass.MovieRecordClass: JqD22 | Une Chambre en Ville | 0 | null -> Empty title: A Room in Town
389 2020-05-11 06:04:29 Error: dataClass.MovieRecordClass: MaB30 | Antefatto | 0 | null -> Empty title: Twitch of the Death Nerve
390 2020-05-11 06:04:29 Error: dataClass.MovieRecordClass: MBo10 | Ultimi Giorni di Pompeii | 0 | null -> Empty title: The Last Days of Pompeii
391 2020-05-11 06:04:29 Error: dataClass.MovieRecordClass: MeW30 | Lady Frankenstein | 0 | null -> Empty title: La Figlia di Frankenstein
392 2020-05-11 06:04:29 Error: dataClass.MovieRecordClass: NOs2 | Seishun Zankoku Monogatari | 0 | null -> Empty title: Cruel Story of Youth
393 2020-05-11 06:04:29 Error: dataClass.MovieRecordClass: NOs4 | Nihon no Yoru to Kiri | 0 | null -> Empty title: Night and Fog in Japan
394 2020-05-11 06:04:29 Error: dataClass.MovieRecordClass: NOs12 | Shinjuku Dorobo Nikki | 0 | null -> Empty title: Diary of a Shinjuku Thief
395 2020-05-11 06:04:29 Error: dataClass.MovieRecordClass: NOs20 | Tokyo Senso Sengo Hiwa | 0 | null -> Empty title: The Man Who Left his Will on Film
396 2020-05-11 06:04:29 Error: dataClass.MovieRecordClass: PVh9 | Turks Fruit | 0 | null -> Empty title: Turkish Delight
397 2020-05-11 06:04:29 Error: dataClass.MovieRecordClass: RtP10 | L'Amante del Vampiro | 0 | null -> Empty title: The Vampire and the Ballerina
398 2020-05-11 06:04:29 Error: dataClass.MovieRecordClass: FrF30 | Gebissen Wird Nur Nachts | 0 | null -> Empty title: Vampire Happening
399 2020-05-11 06:04:29 Error: dataClass.MovieRecordClass: FrF35 | Tales from the Crypt | 0 | null -> Empty title: Poetic Justice
400 2020-05-11 06:04:29 Error: dataClass.MovieRecordClass: FrF35 | Tales from the Crypt | 0 | null -> Empty title: Blind Alleys
401 2020-05-11 06:04:29 Error: dataClass.MovieRecordClass: FrF35 | Tales from the Crypt | 0 | null -> Empty title: All Through the House
402 2020-05-11 06:04:29 Error: dataClass.MovieRecordClass: FrF35 | Tales from the Crypt | 0 | null -> Empty title: Reflection of Death
403 2020-05-11 06:04:29 Error: dataClass.MovieRecordClass: FrF35 | Tales from the Crypt | 0 | null -> Empty title: Wish you were Here
404 2020-05-11 06:04:29 Error: dataClass.MovieRecordClass: GxR10 | null | 0 | null -> Empty title: 
405 2020-05-11 06:04:29 Error: dataClass.MovieRecordClass: GxR10 | null | 0 | null -> Empty title: 
406 2020-05-11 06:04:29 Error: dataClass.MovieRecordClass: HiT15 | Suna no Onna | 0 | null -> Empty title: Woman of the Dunes
407 2020-05-11 06:04:29 Error: dataClass.MovieRecordClass: HiT15 | Suna no Onna | 0 | null -> Empty title: Woman in the Dunes
408 2020-05-11 06:04:29 Error: dataClass.MovieRecordClass: HiT20 | Tanin no Kao | 0 | null -> Empty title: The Face of Another
409 2020-05-11 06:04:29 Error: dataClass.MovieRecordClass: HrR10 | Die Unsichtbaren Krallen des Dr.~Mabuse | 0 | null -> Empty title: The Invisible Dr.~Mabuse
410 2020-05-11 06:04:29 Error: dataClass.MovieRecordClass: HrR12 | Im Stahlnetz des Dr.~Mabuse | 0 | null -> Empty title: The Return of Dr.~Mabuse
411 2020-05-11 06:04:29 Error: dataClass.MovieRecordClass: NKp12 | La Fianc\'ee du Pirate | 0 | null -> Empty title: A Very Curious Girl
412 2020-05-11 06:04:29 Error: dataClass.MovieRecordClass: PaP15 | Il Vangelo Secondo Matteo | 0 | null -> Empty title: The Gospel According to St.~Matthew
413 2020-05-11 06:04:29 Error: dataClass.MovieRecordClass: PaP20 | Teorema | 0 | null -> Empty title: Theorem
414 2020-05-11 06:04:29 Error: dataClass.MovieRecordClass: PdB3 | Cartouche | 0 | null -> Empty title: Sword of Blood
415 2020-05-11 06:04:29 Error: dataClass.MovieRecordClass: PMo12 | Flesh | 0 | null -> Empty title: Andy Warhol presents Flesh
416 2020-05-11 06:04:29 Error: dataClass.MovieRecordClass: PMo20 | Andy Warhols's Frankenstein | 0 | null -> Empty title: Flesh for Frankenstein
417 2020-05-11 06:04:29 Error: dataClass.MovieRecordClass: PMo22 | Andy Warhols's Dracula | 0 | null -> Empty title: Dracula
418 2020-05-11 06:04:29 Error: dataClass.MovieRecordClass: PMo22 | Andy Warhols's Dracula | 0 | null -> Empty title: Blood for Dracula
419 2020-05-11 06:04:29 Error: dataClass.MovieRecordClass: RDL12 | The Four Musketeers | 0 | null -> Empty title: The Revenge of Milady
420 2020-05-11 06:04:29 Error: dataClass.MovieRecordClass: RoP4 | The Fearless Vampire Killers | 0 | null -> Empty title: Pardon Me, but your Teeth are Showing
421 2020-05-11 06:04:29 Error: dataClass.MovieRecordClass: RoP4 | The Fearless Vampire Killers | 0 | null -> Empty title: Dance of the Vampires
422 2020-05-11 06:04:29 Error: dataClass.MovieRecordClass: RoP4 | The Fearless Vampire Killers | 0 | null -> Empty title: Dance of the Vampires
423 2020-05-11 06:04:29 Error: dataClass.MovieRecordClass: RoP4 | The Fearless Vampire Killers | 0 | null -> Empty title: The Fearless Vampire Killers or Pardon Me, But Your Teeth are in my Neck
424 2020-05-11 06:04:29 Error: dataClass.MovieRecordClass: RoP9 | Le Locataire | 0 | null -> Empty title: The Tenant
425 2020-05-11 06:04:29 Error: dataClass.MovieRecordClass: SlV10 | The Mask | 0 | null -> Empty title: Eyes of Hell
426 2020-05-11 06:04:29 Error: dataClass.MovieRecordClass: BB6 | Il Conformista | 0 | null -> Empty title: The Conformist
427 2020-05-11 06:04:29 Error: dataClass.MovieRecordClass: PY6 | The Hot Rock | 0 | null -> Empty title: How to Steal a Diamond on Four Uneasy Lessons
428 2020-05-11 06:04:29 Error: dataClass.MovieRecordClass: AMk10 | Pasazerka | 0 | null -> Empty title: The Passenger
429 2020-05-11 06:04:29 Error: dataClass.MovieRecordClass: FFC1 | Dementia 13 | 0 | null -> Empty title: Dementia
430 2020-05-11 06:04:29 Error: dataClass.MovieRecordClass: FFC1 | Dementia 13 | 0 | null -> Empty title: The Haunted and the Hunted
431 2020-05-11 06:04:29 Error: dataClass.MovieRecordClass: ILa32 | National Lampoon's Animal House | 0 | null -> Empty title: Animal House
432 2020-05-11 06:04:29 Error: dataClass.MovieRecordClass: LiW14 | Fatto di sangue fra due uomini per causa di una vedova - si sospettano moventi politici | 0 | null -> Empty title: Blood Feud
433 2020-05-11 06:04:29 Error: dataClass.MovieRecordClass: LiW14 | Fatto di sangue fra due uomini per causa di una vedova - si sospettano moventi politici | 0 | null -> Empty title: Revenge
434 2020-05-11 06:04:29 Error: dataClass.MovieRecordClass: RHd2 | Stop Train 349 | 0 | null -> Invalid year format: 199x
435 2020-05-11 06:04:29 Error: dataClass.MovieRecordClass: JEu15 | Bad Company | 0 | null -> Empty title: Robinson's Place
436 2020-05-11 06:04:29 Error: dataClass.MovieRecordClass: JEu15 | Bad Company | 0 | null -> Empty title: Santa Claus Has Blue Eyes
437 2020-05-11 06:04:29 Error: dataClass.MovieRecordClass: JEu20 | La Maman et La Putaine | 0 | null -> Empty title: The Mother and the Whore
438 2020-05-11 06:04:29 Error: dataClass.MovieRecordClass: MF2 | Lasky Jedne Plavovlasky | 0 | null -> Empty title: A Blonde in Love
439 2020-05-11 06:04:29 Error: dataClass.MovieRecordClass: MF2 | Lasky Jedne Plavovlasky | 0 | null -> Empty title: Loves of a Blonde
440 2020-05-11 06:04:29 Error: dataClass.MovieRecordClass: CCG4 | L'Aveu | 0 | null -> Empty title: The Confession
441 2020-05-11 06:04:29 Error: dataClass.MovieRecordClass: LiS10 | Licensed to Kill | 0 | null -> Empty title: The Second Best Secret Agent in the Whole Wide World
442 2020-05-11 06:04:29 Error: dataClass.MovieRecordClass: MBe5 | Salto nel Vuato | 0 | null -> Empty title: Leap Into the Void
443 2020-05-11 06:04:29 Error: dataClass.MovieRecordClass: MRv2 | Sister of Satan | 0 | null -> Empty title: Revenge of the Bloodbeast
444 2020-05-11 06:04:29 Error: dataClass.MovieRecordClass: MRv6 | Witchfinder General | 0 | null -> Empty title: The Conqueror Worm
445 2020-05-11 06:04:29 Error: dataClass.MovieRecordClass: SkT1 | Kizino Kizi | 0 | null -> Empty title: What's Up, Tiger Lily
446 2020-05-11 06:04:29 Error: dataClass.MovieRecordClass: SkT1 | Kizino Kizi | 0 | null -> Empty title: What's Up Tiger Lily
447 2020-05-11 06:04:29 Error: dataClass.MovieRecordClass: FBe11 | Spur der Steine | 0 | null -> Empty title: Trace of Stones
448 2020-05-11 06:04:29 Error: dataClass.MovieRecordClass: FBE15 | The Hiding Place | 0 | null -> Empty title: Das Versteck
449 2020-05-11 06:04:29 Error: dataClass.MovieRecordClass: JuF20 | Godzilla vs. the Cosmic Monster | 0 | null -> Empty title: Godzilla vs. the Bionic Monster
450 2020-05-11 06:04:29 Error: dataClass.MovieRecordClass: IAv12 | Karate Kid | 0 | null -> Invalid year format: 199x
451 2020-05-11 06:04:29 Error: dataClass.MovieRecordClass: WH30 | Schrei aus Stein | 0 | null -> Empty title: Scream of Stone
452 2020-05-11 06:04:29 Error: dataClass.MovieRecordClass: WH38 | My Intimate Enemy | 0 | null -> Empty title: My Friend - Klaus Kinski
453 2020-05-11 06:04:29 Error: dataClass.MovieRecordClass: JFr8 | Marquis de Sade: Justine | 0 | null -> Empty title: Justine
454 2020-05-11 06:04:29 Error: dataClass.MovieRecordClass: JFr10 | Kiss and Kill | 0 | null -> Empty title: The Blood of Fu Manchu
455 2020-05-11 06:04:29 Error: dataClass.MovieRecordClass: JFr12 | The Castle of Fu Manchu | 0 | null -> Empty title: Assignment: Istanbul
456 2020-05-11 06:04:29 Error: dataClass.MovieRecordClass: JFr15 | Venus in Furs | 0 | null -> Empty title: Paroxismus
457 2020-05-11 06:04:29 Error: dataClass.MovieRecordClass: YYa10 | Otoko wa Tsuraiyo -- Funto-hen | 0 | null -> Empty title: It's Tough to be a Man
458 2020-05-11 06:04:29 Error: dataClass.MovieRecordClass: YYa11 | Otoko wa Tsuraiyo -- Torajiro Koiuta | 0 | null -> Empty title: It's Tough to be a Man
459 2020-05-11 06:04:29 Error: dataClass.MovieRecordClass: YYa58 | Otoko wa Tsuraiyo | 0 | null -> Empty title: It's Tough to be a Man
460 2020-05-11 06:04:29 Error: dataClass.MovieRecordClass: YYa78 | Gakko | 0 | null -> Empty title: A Class to Remember
461 2020-05-11 06:04:29 Error: dataClass.MovieRecordClass: DHo22 | Backtrack | 0 | null -> Empty title: Catchfire
462 2020-05-11 06:04:29 Error: dataClass.MovieRecordClass: RWF16 | Effi Briest | 0 | null -> Empty title: Fontane Effi Briest
463 2020-05-11 06:04:29 Error: dataClass.MovieRecordClass: RWF20 | Satansbraten | 0 | null -> Empty title: Satan's Brew
464 2020-05-11 06:04:29 Error: dataClass.MovieRecordClass: WA5 | Love and Death | 0 | null -> Empty title: Guerre et Amour
465 2020-05-11 06:04:29 Error: dataClass.MovieRecordClass: EGC10 | Scaramouche | 0 | null -> Empty title: The Loves and Times of Scaramouche
466 2020-05-11 06:04:29 Error: dataClass.MovieRecordClass: GiK1 | Samskara | 0 | null -> Empty title: Funeral Rites
467 2020-05-11 06:04:29 Error: dataClass.MovieRecordClass: KCo20 | Trial by Combat | 0 | null -> Empty title: Choice of Weapons
468 2020-05-11 06:04:29 Error: dataClass.MovieRecordClass: MS0 | The Eternal City | 0 | null -> Invalid year format: 196x
469 2020-05-11 06:04:29 Error: dataClass.MovieRecordClass: PaS10 | The Black Train | 0 | null -> Empty title: The Train Killers
470 2020-05-11 06:04:29 Error: dataClass.MovieRecordClass: PM20 | Ma Femme Me Tue | 0 | null -> Empty title: You're Killing Me
471 2020-05-11 06:04:29 Error: dataClass.MovieRecordClass: RAu10 | The Virgin Witch | 0 | null -> Empty title: Lesbian Twins
472 2020-05-11 06:04:29 Error: dataClass.MovieRecordClass: ShB10 | Manthan | 0 | null -> Empty title: The Churning
473 2020-05-11 06:04:29 Error: dataClass.MovieRecordClass: ShB20 | Mandi | 0 | null -> Empty title: Marketplace
474 2020-05-11 06:04:29 Error: dataClass.MovieRecordClass: TAn12 | Topio stin omichli | 0 | null -> Empty title: Landscape in fog
475 2020-05-11 06:04:29 Error: dataClass.MovieRecordClass: TAn16 | To meteora vima tou pelargou | 0 | null -> Empty title: The Suspended Step of the Stork
476 2020-05-11 06:04:29 Error: dataClass.MovieRecordClass: TAn21 | Mia eoniotita ke mia mera | 0 | null -> Empty title: Eternity and a Day
477 2020-05-11 06:04:29 Error: dataClass.MovieRecordClass: STy5 | Tomata Ketchup Senso | 0 | null -> Empty title: Emperor Tomato Ketchup
478 2020-05-11 06:04:29 Error: dataClass.MovieRecordClass: Sty7 | Sho o Suteyo, Machie Deyo | 0 | null -> Empty title: Throw Away Your Books
479 2020-05-11 06:04:29 Error: dataClass.MovieRecordClass: Sty7 | Sho o Suteyo, Machie Deyo | 0 | null -> Empty title: Let's Go into the Streets
480 2020-05-11 06:04:29 Error: dataClass.MovieRecordClass: STy10 | Den-En Ni Shisu | 0 | null -> Empty title: Pastoral Hide and Seek
481 2020-05-11 06:04:29 Error: dataClass.MovieRecordClass: EgM12 | Horror Express | 0 | null -> Empty title: Panico en el transiberano
482 2020-05-11 06:04:29 Error: dataClass.MovieRecordClass: LCh1 | Bone | 0 | null -> Empty title: Beverly Hills Nightmare
483 2020-05-11 06:04:29 Error: dataClass.MovieRecordClass: LCh1 | Bone | 0 | null -> Empty title: Dial Rat
484 2020-05-11 06:04:29 Error: dataClass.MovieRecordClass: LCh1 | Bone | 0 | null -> Empty title: Dial Rat for Terror
485 2020-05-11 06:04:29 Error: dataClass.MovieRecordClass: LCh1 | Bone | 0 | null -> Empty title: Housewife
486 2020-05-11 06:04:29 Error: dataClass.MovieRecordClass: LCh2 | Black Caesar | 0 | null -> Empty title: Hell Up in Harlem
487 2020-05-11 06:04:29 Error: dataClass.MovieRecordClass: LCh2 | Black Caesar | 0 | null -> Empty title: The Godfather of Harlem
488 2020-05-11 06:04:29 Error: dataClass.MovieRecordClass: LCh14 | God Told Me So | 0 | null -> Empty title: Demon
489 2020-05-11 06:04:29 Error: dataClass.MovieRecordClass: LCh16 | It Lives Again | 0 | null -> Empty title: It's Alive II
490 2020-05-11 06:04:29 Error: dataClass.MovieRecordClass: LCh25 | Q | 0 | null -> Empty title: Q: The Winged Serpent
491 2020-05-11 06:04:29 Error: dataClass.MovieRecordClass: LCh36 | It's Alive III: Island of the Alive | 0 | null -> Empty title: Island of the Alive
492 2020-05-11 06:04:29 Error: dataClass.MovieRecordClass: MoH10 | Cockfighter | 0 | null -> Empty title: Born to Kill
493 2020-05-11 06:04:29 Error: dataClass.MovieRecordClass: PBa4 | Cannonball | 0 | null -> Empty title: Carquake
494 2020-05-11 06:04:29 Error: dataClass.MovieRecordClass: AMy18 | Police Academy 5 | 0 | null -> Empty title: Police Academy 5: Assignment Miami Beach
495 2020-05-11 06:04:29 Error: dataClass.MovieRecordClass: AMy20 | Police Academy 6 | 0 | null -> Empty title: Police Academy 6: City under Siege
496 2020-05-11 06:04:29 Error: dataClass.MovieRecordClass: JCJ10 | The Nelson Affair | 0 | null -> Empty title: Bequest to the Nation
497 2020-05-11 06:04:29 Error: dataClass.MovieRecordClass: MiC11 | The First Great Train Robbery | 0 | null -> Empty title: The Great Train Robbery
498 2020-05-11 06:04:29 Error: dataClass.MovieRecordClass: BTv5 | Les Enfants G\^at\'es | 0 | null -> Empty title: Spoiled Children
499 2020-05-11 06:04:29 Error: dataClass.MovieRecordClass: BTv22 | La Vie et Rien d'Autre | 0 | null -> Empty title: Life and Nothing But
500 2020-05-11 06:04:29 Error: dataClass.MovieRecordClass: ToH1 | The Texas Chain Saw Massacre | 0 | null -> Empty title: The Texas Chainsaw Massacre
501 2020-05-11 06:04:29 Error: dataClass.MovieRecordClass: ToH3 | Eaten Alive | 0 | null -> Empty title: Death Trap
502 2020-05-11 06:04:29 Error: dataClass.MovieRecordClass: PaC24 | Ceux qui m'aiment prendront le train | 0 | null -> Empty title: Those who love me can take the Train
503 2020-05-11 06:04:29 Error: dataClass.MovieRecordClass: WHl10 | 48 Hrs. | 0 | null -> Empty title: 48 Hours
504 2020-05-11 06:04:29 Error: dataClass.MovieRecordClass: CGo15 | La Dentelliere | 0 | null -> Empty title: The Lace-Maker
505 2020-05-11 06:04:29 Error: dataClass.MovieRecordClass: ClM12 | Dites-lui que Je L'Aime | 0 | null -> Empty title: Tell Him I Love Him
506 2020-05-11 06:04:29 Error: dataClass.MovieRecordClass: WiW20 | Wings of Desire | 0 | null -> Empty title: Der Himmel \"Uber Berlin
507 2020-05-11 06:04:29 Error: dataClass.MovieRecordClass: WiW30 | Buena Vista Social Club | 0 | null -> Invalid year format: 19yy
508 2020-05-11 06:04:29 Error: dataClass.MovieRecordClass: EMt10 | Cauchemares | 0 | null -> Empty title: Cathy's Curse
509 2020-05-11 06:04:29 Error: dataClass.MovieRecordClass: DLy25 | Mulholland Drive | 0 | null -> Invalid year format: 19yy
510 2020-05-11 06:04:29 Error: dataClass.MovieRecordClass: CiS10 | Sensuous Vampires | 0 | null -> Empty title: The Vampire Hookers
511 2020-05-11 06:04:29 Error: dataClass.MovieRecordClass: MLt15 | null | 0 | null -> Empty title: 
512 2020-05-11 06:04:29 Error: dataClass.MovieRecordClass: DDo10 | Maenner | 0 | null -> Empty title: Men
513 2020-05-11 06:04:29 Error: dataClass.MovieRecordClass: DDo12 | Ich und Er | 0 | null -> Empty title: He and I
514 2020-05-11 06:04:29 Error: dataClass.MovieRecordClass: DDo15 | Keiner liebt mich | 0 | null -> Empty title: Nobody loves me
515 2020-05-11 06:04:29 Error: dataClass.MovieRecordClass: DDo25 | Bin Ich schoen? | 0 | null -> Empty title: Am I beautiful
516 2020-05-11 06:04:29 Error: dataClass.MovieRecordClass: HaR10 | National Lampoon's Vacation | 0 | null -> Empty title: American Vacation
517 2020-05-11 06:04:29 Error: dataClass.MovieRecordClass: HaR10 | National Lampoon's Vacation | 0 | null -> Empty title: Vacation
518 2020-05-11 06:04:29 Error: dataClass.MovieRecordClass: HaR10 | National Lampoon's Vacation | 0 | null -> Empty title: National Lampoon's Summer Vacation
519 2020-05-11 06:04:29 Error: dataClass.MovieRecordClass: JiA5 | Hero | 0 | null -> Empty title: Top Secret
520 2020-05-11 06:04:29 Error: dataClass.MovieRecordClass: MBm3 | The Manhattan Project | 0 | null -> Empty title: Deadly Game
521 2020-05-11 06:04:29 Error: dataClass.MovieRecordClass: PAl18 | La flor de mi Secreto | 0 | null -> Empty title: The Flower of My Secret
522 2020-05-11 06:04:29 Error: dataClass.MovieRecordClass: PAl21 | Todo sobre mi madre | 0 | null -> Empty title: All About My Mother
523 2020-05-11 06:04:29 Error: dataClass.MovieRecordClass: VLo50 | De Gudene er Dode | 0 | null -> Empty title: Where Gods Are Dead
524 2020-05-11 06:04:29 Error: dataClass.MovieRecordClass: JJB15 | 37.2 le Matin | 0 | null -> Empty title: Betty Blue
525 2020-05-11 06:04:29 Error: dataClass.MovieRecordClass: JJB15 | 37.2 le Matin | 0 | null -> Empty title: Trente Sept Deux le Matin
526 2020-05-11 06:04:29 Error: dataClass.MovieRecordClass: JJB15 | 37.2 le Matin | 0 | null -> Empty title: L'Integrale
527 2020-05-11 06:04:29 Error: dataClass.MovieRecordClass: WoP10 | Das Boot | 0 | null -> Empty title: The Boat
528 2020-05-11 06:04:29 Error: dataClass.MovieRecordClass: AOz10 | At | 0 | null -> Empty title: The Horse
529 2020-05-11 06:04:29 Error: dataClass.MovieRecordClass: KrK35 | Le Double Vie de Veronique | 0 | null -> Empty title: The Double Life of Veronique
530 2020-05-11 06:04:29 Error: dataClass.MovieRecordClass: NeJ10 | Angel | 0 | null -> Empty title: Danny Boy
531 2020-05-11 06:04:29 Error: dataClass.MovieRecordClass: GCh23 | Sub Down | 0 | null -> Empty title: Submerged
532 2020-05-11 06:04:29 Error: dataClass.MovieRecordClass: MKy10 | Tokyo Saipan | 0 | null -> Empty title: The Tokyo Trial
533 2020-05-11 06:04:29 Error: dataClass.MovieRecordClass: PGr7 | A Zed and Two Naughts | 0 | null -> Empty title: One to One Hundred
534 2020-05-11 06:04:29 Error: dataClass.MovieRecordClass: AEy10 | Montreal Vue Par | 0 | null -> Empty title: Montreal Sextet
535 2020-05-11 06:04:29 Error: dataClass.MovieRecordClass: AEy13 | Sarabande | 0 | null -> Invalid year format: 19yy
536 2020-05-11 06:04:29 Error: dataClass.MovieRecordClass: FKi18 | Into the Sun | 0 | null -> Empty title: Children of the Corn 1
537 2020-05-11 06:04:29 Error: dataClass.MovieRecordClass: HuW10 | Police Academy | 0 | null -> Empty title: Police Academy: What an Institution
538 2020-05-11 06:04:29 Error: dataClass.MovieRecordClass: HuW12 | Police Academy 2 | 0 | null -> Empty title: Police Academy 2: Their First Assignment
539 2020-05-11 06:04:29 Error: dataClass.MovieRecordClass: HuW15 | Police Academy 3 | 0 | null -> Empty title: Police Academy 3: Back in Training
540 2020-05-11 06:04:29 Error: dataClass.MovieRecordClass: JI1 | Ososhiki | 0 | null -> Empty title: The Funeral
541 2020-05-11 06:04:29 Error: dataClass.MovieRecordClass: MKa15 | Il Postino | 0 | null -> Empty title: The Postman
542 2020-05-11 06:04:29 Error: dataClass.MovieRecordClass: Z0910 | The Adventures of Buckaroo Banzai: Across the 8th Dimension | 0 | null -> Empty title: The Adventures of Buckaroo Banzai
543 2020-05-11 06:04:29 Error: dataClass.MovieRecordClass: Amp6 | Police Academy 7 | 0 | null -> Empty title: Police Academy 7: Mission to Moscow
544 2020-05-11 06:04:29 Error: dataClass.MovieRecordClass: GoJ20 | Caluga o Menta | 0 | null -> Empty title: Toffee or Mint
545 2020-05-11 06:04:29 Error: dataClass.MovieRecordClass: LCa10 | Mauvais Sang | 0 | null -> Empty title: Bad Blood
546 2020-05-11 06:04:29 Error: dataClass.MovieRecordClass: LCa14 | Les Amants du Pont-Neuf | 0 | null -> Empty title: The Lovers on the Bridge
547 2020-05-11 06:04:29 Error: dataClass.MovieRecordClass: BrG20 | The Josephine Baker Story | 0 | null -> Empty title: Josephine
548 2020-05-11 06:04:29 Error: dataClass.MovieRecordClass: RMa10 | F/X | 0 | null -> Empty title: Murder by Illusion
549 2020-05-11 06:04:29 Error: dataClass.MovieRecordClass: SLJ7 | Malcolm X | 0 | null -> Empty title: X
550 2020-05-11 06:04:29 Error: dataClass.MovieRecordClass: CCo14 | Harry Potter and the Sorcerer's Stone | 0 | null -> Empty title: Harry Potter and the Philosopher's Stone
551 2020-05-11 06:04:29 Error: dataClass.MovieRecordClass: NMv10 | Urga | 0 | null -> Empty title: Close to Eden
552 2020-05-11 06:04:29 Error: dataClass.MovieRecordClass: BSi3 | null | 0 | null -> Empty title: 
553 2020-05-11 06:04:29 Error: dataClass.MovieRecordClass: EAy10 | Goguktu Ve Yagmur Ciseliyorau | 0 | null -> Empty title: It was Cold and Raining
554 2020-05-11 06:04:29 Error: dataClass.MovieRecordClass: RNo10 | Igla | 0 | null -> Empty title: The Needle
555 2020-05-11 06:04:29 Error: dataClass.MovieRecordClass: RNo20 | Diki Vostok | 0 | null -> Empty title: The Wild East
556 2020-05-11 06:04:29 Error: dataClass.MovieRecordClass: ThS5 | You so Crazy | 0 | null -> Empty title: Martin Lawrence: You So Crazy
557 2020-05-11 06:04:29 Error: dataClass.MovieRecordClass: FAm16 | Monkey Trouble | 0 | null -> Empty title: Pet
558 2020-05-11 06:04:29 Error: dataClass.MovieRecordClass: ITo10 | Ikili Oyunlar | 0 | null -> Empty title: Deceptive Games
559 2020-05-11 06:04:29 Error: dataClass.MovieRecordClass: JMd10 | Hay Algo Alla Afuera | 0 | null -> Empty title: There is Something Out There
560 2020-05-11 06:04:29 Error: dataClass.MovieRecordClass: KBr16 | A Mid-Winter's Tale | 0 | null -> Empty title: In the Bleak Midwinter
561 2020-05-11 06:04:29 Error: dataClass.MovieRecordClass: TSz1 | Fear, Anxity, and Depression | 0 | null -> Empty title: The Young and the Hopeless
562 2020-05-11 06:04:29 Error: dataClass.MovieRecordClass: MVh10 | Das Schrecklische M\"adchen | 0 | null -> Empty title: The Nasty Girl
563 2020-05-11 06:04:29 Error: dataClass.MovieRecordClass: MYa20 | Ai Ni Tsuite, Tokyo | 0 | null -> Empty title: About Love, Tokyo
564 2020-05-11 06:04:29 Error: dataClass.MovieRecordClass: OlA16 | Destinees Sentimentales | 0 | null -> Empty title: Late August, Early September
565 2020-05-11 06:04:29 Error: dataClass.MovieRecordClass: PLe12 | Le Mari de la Coiffeuse | 0 | null -> Empty title: The Hairdresser's Husband
566 2020-05-11 06:04:29 Error: dataClass.MovieRecordClass: RGu10 | Fabula de la Bella Palomera | 0 | null -> Empty title: Fable of the Beautiful Pidgeon Fancier
567 2020-05-11 06:04:29 Error: dataClass.MovieRecordClass: SCz10 | La Luna en el Espejo | 0 | null -> Empty title: The Mirror in the Moon
568 2020-05-11 06:04:29 Error: dataClass.MovieRecordClass: BrR1 | Outremer | 0 | null -> Empty title: Overseas
569 2020-05-11 06:04:29 Error: dataClass.MovieRecordClass: EdY18 | Yi Yi | 0 | null -> Empty title: A One and A Two
570 2020-05-11 06:04:29 Error: dataClass.MovieRecordClass: NyA10 | Dom Ne Peske | 0 | null -> Empty title: House Built on Sand
571 2020-05-11 06:04:29 Error: dataClass.MovieRecordClass: OKa10 | Gizli Y\"uz | 0 | null -> Empty title: The Secret Face
572 2020-05-11 06:04:29 Error: dataClass.MovieRecordClass: SHL2 | Bloody Morning | 0 | null -> Empty title: Xuese Qingchen
573 2020-05-11 06:04:29 Error: dataClass.MovieRecordClass: TuB10 | Piano Piano Bacaksiz | 0 | null -> Empty title: Piano Piano Kiddo
574 2020-05-11 06:04:29 Error: dataClass.MovieRecordClass: BaL9 | Moulin Rouge | 0 | null -> Empty title: Mouline Rouge!
575 2020-05-11 06:04:29 Error: dataClass.MovieRecordClass: BeR12 | Immortal Beloved | 0 | null -> Empty title: Ludwig van B.
576 2020-05-11 06:04:29 Error: dataClass.MovieRecordClass: CsS15 | Fairy Tale: A True Story | 0 | null -> Invalid year format: 199x
577 2020-05-11 06:04:29 Error: dataClass.MovieRecordClass: LBx4 | Cavale | 0 | null -> Empty title: On the Run
578 2020-05-11 06:04:29 Error: dataClass.MovieRecordClass: LBx5 | Un Couple Epatant | 0 | null -> Empty title: An Amazing Couple
579 2020-05-11 06:04:29 Error: dataClass.MovieRecordClass: LBx6 | Apres la vie | 0 | null -> Empty title: After Life
580 2020-05-11 06:04:29 Error: dataClass.MovieRecordClass: RrB18 | La Vita e Bella | 0 | null -> Empty title: Life is Beautiful
581 2020-05-11 06:04:29 Error: dataClass.MovieRecordClass: VCy10 | The Inheritance | 0 | null -> Empty title: Dedictvi aneb Kurvahosigutntag
582 2020-05-11 06:04:29 Error: dataClass.MovieRecordClass: DAf10 | Mannen Pa Balkongen | 0 | null -> Empty title: Man on the Balcony
583 2020-05-11 06:04:29 Error: dataClass.MovieRecordClass: DRz10 | Carences | 0 | null -> Empty title: Deficiency
584 2020-05-11 06:04:29 Error: dataClass.MovieRecordClass: GnA10 | Il Ladro di Bambini | 0 | null -> Empty title: Stolen Children
585 2020-05-11 06:04:29 Error: dataClass.MovieRecordClass: RWg12 | La Femme de ma Vie | 0 | null -> Empty title: The Woman of my Life
586 2020-05-11 06:04:29 Error: dataClass.MovieRecordClass: RWg13 | Je suis le seignur du chateau | 0 | null -> Empty title: I am the Lord of the Castle
587 2020-05-11 06:04:29 Error: dataClass.MovieRecordClass: RWg14 | Une femme francaise | 0 | null -> Empty title: A French Woman
588 2020-05-11 06:04:29 Error: dataClass.MovieRecordClass: AdI15 | Perdita Durango | 0 | null -> Empty title: Dance with the Devil
589 2020-05-11 06:04:29 Error: dataClass.MovieRecordClass: JBa10 | Gauzon Maudit | 0 | null -> Empty title: French Twist
590 2020-05-11 06:04:29 Error: dataClass.MovieRecordClass: KDo1x | null | 0 | null -> Empty title: 
591 2020-05-11 06:04:29 Error: dataClass.MovieRecordClass: KDo1x | null | 0 | null -> Invalid year format: 199x
592 2020-05-11 06:04:29 Error: dataClass.MovieRecordClass: TdC13 | Jerry and Tom | 0 | null -> Invalid year format: 19yy
593 2020-05-11 06:04:29 Error: dataClass.MovieRecordClass: YvA13 | Voleur du Vie | 0 | null -> Empty title: Stolen Life
594 2020-05-11 06:04:29 Error: dataClass.MovieRecordClass: Z9590 | The Shanghai Triad | 0 | null -> Invalid year format: 19yy
595 2020-05-11 06:04:29 Error: dataClass.MovieRecordClass: AbK15 | Taste of Cherry | 0 | null -> Invalid year format: 19yy
596 2020-05-11 06:04:29 Error: dataClass.MovieRecordClass: FSl10 | Halfmoon | 0 | null -> Empty title: Call at Corazon
597 2020-05-11 06:04:29 Error: dataClass.MovieRecordClass: FSl10 | Halfmoon | 0 | null -> Empty title: Allals
598 2020-05-11 06:04:29 Error: dataClass.MovieRecordClass: Z9665 | Liar | 0 | null -> Empty title: Liar, Liar
599 2020-05-11 06:04:29 Error: dataClass.MovieRecordClass: CKl4 | Un Air de Famille | 0 | null -> Empty title: Family Resemblance
600 2020-05-11 06:04:29 Error: dataClass.MovieRecordClass: MvD10 | Karakter | 0 | null -> Empty title: Character
601 2020-05-11 06:04:29 Error: dataClass.MovieRecordClass: TVb10 | Festen | 0 | null -> Empty title: The Celebration
602 2020-05-11 06:04:29 Error: dataClass.MovieRecordClass: YRu10 | Hollywood Night | 0 | null -> Empty title: Delit de Seduction
603 2020-05-11 06:04:29 Error: dataClass.MovieRecordClass: BrD10 | La vie de Jesus | 0 | null -> Empty title: The Life of Jesus
604 2020-05-11 06:04:29 Error: dataClass.MovieRecordClass: JHa10 | H.C. Andersen og den Skoeve Skygge | 0 | null -> Empty title: H.C. Andersen and the Long Shadow
605 2020-05-11 06:04:29 Error: dataClass.MovieRecordClass: MJu15 | All is Routine | 0 | null -> Invalid year format: 19yy
606 2020-05-11 06:04:29 Error: dataClass.MovieRecordClass: nYo15 | Bishonen | 0 | null -> Empty title: Beauty
607 2020-05-11 06:04:29 Error: dataClass.MovieRecordClass: TTy10 | Lola Rennt | 0 | null -> Empty title: Run Lola Run
608 2020-05-11 06:04:29 Error: dataClass.MovieRecordClass: Z9890 | Playing by Heart | 0 | null -> Empty title: Dancing about Architecture
609 2020-05-11 06:04:29 Error: dataClass.MovieRecordClass: JqM10 | Jeanne et le Garcon Formidable | 0 | null -> Empty title: Jeanne and the Perfect Guy
610 2020-05-11 06:04:29 Finish parsing MovieXML. Data count: 11576.
