1 2020-05-11 10:41:16 Start writing GenresInMoviesRecord.
2 2020-05-11 10:41:16 Error: dataClass.GenresInMoviesRecordClass: Romance | Z0220 | Romeo and Juliet -> Duplicate entries.
3 2020-05-11 10:41:16 Error: dataClass.GenresInMoviesRecordClass: Romance | Z0230 | Romeo and Juliet -> Duplicate entries.
4 2020-05-11 10:41:16 Error: dataClass.GenresInMoviesRecordClass: Romance | Z0250 | Romeo and Juliet -> Duplicate entries.
5 2020-05-11 10:41:16 Error: dataClass.GenresInMoviesRecordClass: Romance | Z0270 | Romeo and Juliet -> Duplicate entries.
6 2020-05-11 10:41:17 Error: dataClass.GenresInMoviesRecordClass: Comedy | FNm10 | Doctor Jack -> Duplicate entries.
7 2020-05-11 10:41:19 Error: dataClass.GenresInMoviesRecordClass: Drama | OP13 | Forever Amber -> Duplicate entries.
8 2020-05-11 10:41:19 Error: dataClass.GenresInMoviesRecordClass: Comedy | GSt3 | The Nitwits -> Duplicate entries.
9 2020-05-11 10:41:20 Error: dataClass.GenresInMoviesRecordClass: Documentary | PaJ2 | Ferry Pilot -> Duplicate entries.
10 2020-05-11 10:41:20 Error: dataClass.GenresInMoviesRecordClass: Drama | PaJ2 | Ferry Pilot -> Duplicate entries.
11 2020-05-11 10:41:20 Error: dataClass.GenresInMoviesRecordClass: Drama | FZ8 | The Men -> Duplicate entries.
12 2020-05-11 10:41:20 Error: dataClass.GenresInMoviesRecordClass: Documentary | FZ8 | The Men -> Duplicate entries.
13 2020-05-11 10:41:20 Error: dataClass.GenresInMoviesRecordClass: Cops And Robbers | MiG7 | Crime Doctor's Strangest Case -> Duplicate entries.
14 2020-05-11 10:41:21 Error: dataClass.GenresInMoviesRecordClass: Drama | NR1 | They Live By Night -> Duplicate entries.
15 2020-05-11 10:41:21 Error: dataClass.GenresInMoviesRecordClass: Drama | HyC10 | Last Holiday -> Duplicate entries.
16 2020-05-11 10:41:21 Error: dataClass.GenresInMoviesRecordClass: Adventure | JLT50 | Allan Quatermain and the Lost City of Gold -> Duplicate entries.
17 2020-05-11 10:41:21 Error: dataClass.GenresInMoviesRecordClass: Drama | JIv42 | The Remains of the Day -> Duplicate entries.
18 2020-05-11 10:41:22 Error: dataClass.GenresInMoviesRecordClass: Mystery | GeP15 | Murder Most Foul -> Duplicate entries.
19 2020-05-11 10:41:23 Error: dataClass.GenresInMoviesRecordClass: History | MBo12 | The Legend of Aneus -> Duplicate entries.
20 2020-05-11 10:41:23 Error: dataClass.GenresInMoviesRecordClass: Thriller | JaS13 | The Dark Pool -> Duplicate entries.
21 2020-05-11 10:41:23 Error: dataClass.GenresInMoviesRecordClass: Drama | KRu25 | Rainbow -> Duplicate entries.
22 2020-05-11 10:41:23 Error: dataClass.GenresInMoviesRecordClass: Documentary | MAp43 | Moving the Mountain -> Duplicate entries.
23 2020-05-11 10:41:24 Error: dataClass.GenresInMoviesRecordClass: Adult | JRl10 | Virgins and Vampires -> Duplicate entries.
24 2020-05-11 10:41:26 Error: dataClass.GenresInMoviesRecordClass: Sci-Fi | NiM30 | Star Trek, Generations -> Duplicate entries.
25 2020-05-11 10:41:26 Error: dataClass.GenresInMoviesRecordClass: Adult | FOR12 | Scream Queen Hot Tub Party -> Duplicate entries.
26 2020-05-11 10:41:26 Error: dataClass.GenresInMoviesRecordClass: Comedy | PAl4 | Matador -> Duplicate entries.
27 2020-05-11 10:41:26 Error: dataClass.GenresInMoviesRecordClass: Comedy | BLe5 | Tin Men -> Duplicate entries.
28 2020-05-11 10:41:26 Error: dataClass.GenresInMoviesRecordClass: Thriller | KaK10 | Another Way -> Duplicate entries.
29 2020-05-11 10:41:26 Error: dataClass.GenresInMoviesRecordClass: Romance | ChS13 | Baby Boom -> Duplicate entries.
30 2020-05-11 10:41:28 Error: dataClass.GenresInMoviesRecordClass: Romance | BS6 | For Love or Money -> Duplicate entries.
31 2020-05-11 10:41:29 Error: dataClass.GenresInMoviesRecordClass: Documentary | NtB10 | On the Ropes -> Duplicate entries.
32 2020-05-11 10:41:29 Error: dataClass.GenresInMoviesRecordClass: Romance | SfG1 | Lost in Translation -> Duplicate entries.
33 2020-05-11 10:41:29 Finish writing GenresInMoviesRecord.
